# JRE version: OpenJDK Runtime Environment Corretto-17.0.12.7.1 (17.0.12+7) (build 17.0.12+7-LTS)
# Java VM: OpenJDK 64-Bit Server VM Corretto-17.0.12.7.1 (17.0.12+7-LTS, mixed mode, sharing, tiered, compressed oops, compressed class ptrs, g1 gc, windows-amd64)
GC Precious Log:
 CPUs: 8 total, 8 available
 Memory: 7103M
 Large Page Support: Disabled
 NUMA Support: Disabled
 Compressed Oops: Enabled (32-bit)
 Heap Region Size: 1M
 Heap Min Capacity: 8M
 Heap Initial Capacity: 112M
 Heap Max Capacity: 1776M
 Pre-touch: Disabled
 Parallel Workers: 8
 Concurrent Workers: 2
 Concurrent Refinement Workers: 8
 Periodic GC: Disabled
Heap:
 garbage-first heap   total 112640K, used 68093K [0x0000000091000000, 0x0000000100000000)
  region size 1024K, 33 young (33792K), 1 survivors (1024K)
 Metaspace       used 29951K, committed 30336K, reserved 1114112K
  class space    used 4017K, committed 4224K, reserved 1048576K
GC Heap History (8 events):
Event: 0.954 GC heap before
{Heap before GC invocations=0 (full 0):
 garbage-first heap   total 114688K, used 22528K [0x0000000091000000, 0x0000000100000000)
  region size 1024K, 23 young (23552K), 0 survivors (0K)
 Metaspace       used 4523K, committed 4736K, reserved 1114112K
  class space    used 524K, committed 640K, reserved 1048576K
}
Event: 0.959 GC heap after
{Heap after GC invocations=1 (full 0):
 garbage-first heap   total 114688K, used 4051K [0x0000000091000000, 0x0000000100000000)
  region size 1024K, 3 young (3072K), 3 survivors (3072K)
 Metaspace       used 4523K, committed 4736K, reserved 1114112K
  class space    used 524K, committed 640K, reserved 1048576K
}
Event: 4.157 GC heap before
{Heap before GC invocations=1 (full 0):
 garbage-first heap   total 114688K, used 36819K [0x0000000091000000, 0x0000000100000000)
  region size 1024K, 33 young (33792K), 3 survivors (3072K)
 Metaspace       used 11408K, committed 11584K, reserved 1114112K
  class space    used 1540K, committed 1664K, reserved 1048576K
}
Event: 4.163 GC heap after
{Heap after GC invocations=2 (full 0):
 garbage-first heap   total 114688K, used 10259K [0x0000000091000000, 0x0000000100000000)
  region size 1024K, 4 young (4096K), 4 survivors (4096K)
 Metaspace       used 11408K, committed 11584K, reserved 1114112K
  class space    used 1540K, committed 1664K, reserved 1048576K
}
Event: 22.108 GC heap before
{Heap before GC invocations=2 (full 0):
 garbage-first heap   total 114688K, used 79891K [0x0000000091000000, 0x0000000100000000)
  region size 1024K, 54 young (55296K), 4 survivors (4096K)
 Metaspace       used 19821K, committed 20160K, reserved 1114112K
  class space    used 2956K, committed 3136K, reserved 1048576K
}
Event: 22.123 GC heap after
{Heap after GC invocations=3 (full 0):
 garbage-first heap   total 114688K, used 33435K [0x0000000091000000, 0x0000000100000000)
  region size 1024K, 6 young (6144K), 6 survivors (6144K)
 Metaspace       used 19821K, committed 20160K, reserved 1114112K
  class space    used 2956K, committed 3136K, reserved 1048576K
}
Event: 80.204 GC heap before
{Heap before GC invocations=3 (full 0):
 garbage-first heap   total 114688K, used 53915K [0x0000000091000000, 0x0000000100000000)
  region size 1024K, 27 young (27648K), 6 survivors (6144K)
 Metaspace       used 21215K, committed 21504K, reserved 1114112K
  class space    used 3115K, committed 3264K, reserved 1048576K
}
Event: 80.211 GC heap after
{Heap after GC invocations=4 (full 0):
 garbage-first heap   total 114688K, used 34301K [0x0000000091000000, 0x0000000100000000)
  region size 1024K, 1 young (1024K), 1 survivors (1024K)
 Metaspace       used 21215K, committed 21504K, reserved 1114112K
  class space    used 3115K, committed 3264K, reserved 1048576K
}

