# JRE version: OpenJDK Runtime Environment Corretto-17.0.12.7.1 (17.0.12+7) (build 17.0.12+7-LTS)
# Java VM: OpenJDK 64-Bit Server VM Corretto-17.0.12.7.1 (17.0.12+7-LTS, mixed mode, sharing, tiered, compressed oops, compressed class ptrs, g1 gc, windows-amd64)
GC Precious Log:
 CPUs: 8 total, 8 available
 Memory: 7103M
 Large Page Support: Disabled
 NUMA Support: Disabled
 Compressed Oops: Enabled (32-bit)
 Heap Region Size: 1M
 Heap Min Capacity: 8M
 Heap Initial Capacity: 112M
 Heap Max Capacity: 1776M
 Pre-touch: Disabled
 Parallel Workers: 8
 Concurrent Workers: 2
 Concurrent Refinement Workers: 8
 Periodic GC: Disabled
Heap:
 garbage-first heap   total 114688K, used 33665K [0x0000000091000000, 0x0000000100000000)
  region size 1024K, 9 young (9216K), 8 survivors (8192K)
 Metaspace       used 21042K, committed 21248K, reserved 1114112K
  class space    used 3101K, committed 3200K, reserved 1048576K
GC Heap History (6 events):
Event: 2.010 GC heap before
{Heap before GC invocations=0 (full 0):
 garbage-first heap   total 114688K, used 22528K [0x0000000091000000, 0x0000000100000000)
  region size 1024K, 23 young (23552K), 0 survivors (0K)
 Metaspace       used 4653K, committed 4864K, reserved 1114112K
  class space    used 532K, committed 640K, reserved 1048576K
}
Event: 2.019 GC heap after
{Heap after GC invocations=1 (full 0):
 garbage-first heap   total 114688K, used 4160K [0x0000000091000000, 0x0000000100000000)
  region size 1024K, 3 young (3072K), 3 survivors (3072K)
 Metaspace       used 4653K, committed 4864K, reserved 1114112K
  class space    used 532K, committed 640K, reserved 1048576K
}
Event: 5.333 GC heap before
{Heap before GC invocations=1 (full 0):
 garbage-first heap   total 114688K, used 37952K [0x0000000091000000, 0x0000000100000000)
  region size 1024K, 33 young (33792K), 3 survivors (3072K)
 Metaspace       used 11503K, committed 11712K, reserved 1114112K
  class space    used 1551K, committed 1664K, reserved 1048576K
}
Event: 5.338 GC heap after
{Heap after GC invocations=2 (full 0):
 garbage-first heap   total 114688K, used 10117K [0x0000000091000000, 0x0000000100000000)
  region size 1024K, 4 young (4096K), 4 survivors (4096K)
 Metaspace       used 11503K, committed 11712K, reserved 1114112K
  class space    used 1551K, committed 1664K, reserved 1048576K
}
Event: 62.280 GC heap before
{Heap before GC invocations=2 (full 0):
 garbage-first heap   total 114688K, used 82821K [0x0000000091000000, 0x0000000100000000)
  region size 1024K, 57 young (58368K), 4 survivors (4096K)
 Metaspace       used 21030K, committed 21248K, reserved 1114112K
  class space    used 3099K, committed 3200K, reserved 1048576K
}
Event: 62.291 GC heap after
{Heap after GC invocations=3 (full 0):
 garbage-first heap   total 114688K, used 33665K [0x0000000091000000, 0x0000000100000000)
  region size 1024K, 8 young (8192K), 8 survivors (8192K)
 Metaspace       used 21030K, committed 21248K, reserved 1114112K
  class space    used 3099K, committed 3200K, reserved 1048576K
}

