# JRE version: OpenJDK Runtime Environment Corretto-17.0.13.11.1 (17.0.13+11) (build 17.0.13+11-LTS)
# Java VM: OpenJDK 64-Bit Server VM Corretto-17.0.13.11.1 (17.0.13+11-LTS, mixed mode, sharing, tiered, compressed oops, compressed class ptrs, g1 gc, windows-amd64)
GC Precious Log:
 CPUs: 8 total, 8 available
 Memory: 7103M
 Large Page Support: Disabled
 NUMA Support: Disabled
 Compressed Oops: Enabled (32-bit)
 Heap Region Size: 1M
 Heap Min Capacity: 8M
 Heap Initial Capacity: 112M
 Heap Max Capacity: 1776M
 Pre-touch: Disabled
 Parallel Workers: 8
 Concurrent Workers: 2
 Concurrent Refinement Workers: 8
 Periodic GC: Disabled
Heap:
 garbage-first heap   total 114688K, used 38686K [0x0000000091000000, 0x0000000100000000)
  region size 1024K, 6 young (6144K), 1 survivors (1024K)
 Metaspace       used 21545K, committed 21952K, reserved 1114112K
  class space    used 3167K, committed 3392K, reserved 1048576K
GC Heap History (8 events):
Event: 1.201 GC heap before
{Heap before GC invocations=0 (full 0):
 garbage-first heap   total 114688K, used 22528K [0x0000000091000000, 0x0000000100000000)
  region size 1024K, 23 young (23552K), 0 survivors (0K)
 Metaspace       used 4564K, committed 4736K, reserved 1114112K
  class space    used 513K, committed 640K, reserved 1048576K
}
Event: 1.205 GC heap after
{Heap after GC invocations=1 (full 0):
 garbage-first heap   total 114688K, used 2901K [0x0000000091000000, 0x0000000100000000)
  region size 1024K, 3 young (3072K), 3 survivors (3072K)
 Metaspace       used 4564K, committed 4736K, reserved 1114112K
  class space    used 513K, committed 640K, reserved 1048576K
}
Event: 4.570 GC heap before
{Heap before GC invocations=1 (full 0):
 garbage-first heap   total 114688K, used 39765K [0x0000000091000000, 0x0000000100000000)
  region size 1024K, 36 young (36864K), 3 survivors (3072K)
 Metaspace       used 10589K, committed 10816K, reserved 1114112K
  class space    used 1383K, committed 1472K, reserved 1048576K
}
Event: 4.581 GC heap after
{Heap after GC invocations=2 (full 0):
 garbage-first heap   total 114688K, used 8359K [0x0000000091000000, 0x0000000100000000)
  region size 1024K, 4 young (4096K), 4 survivors (4096K)
 Metaspace       used 10589K, committed 10816K, reserved 1114112K
  class space    used 1383K, committed 1472K, reserved 1048576K
}
Event: 11.793 GC heap before
{Heap before GC invocations=2 (full 0):
 garbage-first heap   total 114688K, used 82087K [0x0000000091000000, 0x0000000100000000)
  region size 1024K, 57 young (58368K), 4 survivors (4096K)
 Metaspace       used 20530K, committed 20800K, reserved 1114112K
  class space    used 3011K, committed 3136K, reserved 1048576K
}
Event: 11.811 GC heap after
{Heap after GC invocations=3 (full 0):
 garbage-first heap   total 114688K, used 33384K [0x0000000091000000, 0x0000000100000000)
  region size 1024K, 8 young (8192K), 8 survivors (8192K)
 Metaspace       used 20530K, committed 20800K, reserved 1114112K
  class space    used 3011K, committed 3136K, reserved 1048576K
}
Event: 29.859 GC heap before
{Heap before GC invocations=3 (full 0):
 garbage-first heap   total 114688K, used 37480K [0x0000000091000000, 0x0000000100000000)
  region size 1024K, 13 young (13312K), 8 survivors (8192K)
 Metaspace       used 21266K, committed 21504K, reserved 1114112K
  class space    used 3103K, committed 3264K, reserved 1048576K
}
Event: 29.871 GC heap after
{Heap after GC invocations=4 (full 0):
 garbage-first heap   total 114688K, used 34590K [0x0000000091000000, 0x0000000100000000)
  region size 1024K, 1 young (1024K), 1 survivors (1024K)
 Metaspace       used 21266K, committed 21504K, reserved 1114112K
  class space    used 3103K, committed 3264K, reserved 1048576K
}

