# JRE version: OpenJDK Runtime Environment Corretto-17.0.12.7.1 (17.0.12+7) (build 17.0.12+7-LTS)
# Java VM: OpenJDK 64-Bit Server VM Corretto-17.0.12.7.1 (17.0.12+7-LTS, mixed mode, sharing, tiered, compressed oops, compressed class ptrs, g1 gc, windows-amd64)
GC Precious Log:
 CPUs: 8 total, 8 available
 Memory: 16256M
 Large Page Support: Disabled
 NUMA Support: Disabled
 Compressed Oops: Enabled (Zero based)
 Heap Region Size: 2M
 Heap Min Capacity: 8M
 Heap Initial Capacity: 256M
 Heap Max Capacity: 4066M
 Pre-touch: Disabled
 Parallel Workers: 8
 Concurrent Workers: 2
 Concurrent Refinement Workers: 8
 Periodic GC: Disabled
Heap:
 garbage-first heap   total 131072K, used 87579K [0x0000000701e00000, 0x0000000800000000)
  region size 2048K, 33 young (67584K), 9 survivors (18432K)
 Metaspace       used 23154K, committed 23552K, reserved 1114112K
  class space    used 3222K, committed 3456K, reserved 1048576K
GC Heap History (10 events):
Event: 0.909 GC heap before
{Heap before GC invocations=0 (full 0):
 garbage-first heap   total 262144K, used 22528K [0x0000000701e00000, 0x0000000800000000)
  region size 2048K, 11 young (22528K), 0 survivors (0K)
 Metaspace       used 4483K, committed 4672K, reserved 1114112K
  class space    used 511K, committed 640K, reserved 1048576K
}
Event: 0.913 GC heap after
{Heap after GC invocations=1 (full 0):
 garbage-first heap   total 262144K, used 2521K [0x0000000701e00000, 0x0000000800000000)
  region size 2048K, 2 young (4096K), 2 survivors (4096K)
 Metaspace       used 4483K, committed 4672K, reserved 1114112K
  class space    used 511K, committed 640K, reserved 1048576K
}
Event: 3.986 GC heap before
{Heap before GC invocations=1 (full 0):
 garbage-first heap   total 262144K, used 37337K [0x0000000701e00000, 0x0000000800000000)
  region size 2048K, 20 young (40960K), 2 survivors (4096K)
 Metaspace       used 10520K, committed 10752K, reserved 1114112K
  class space    used 1381K, committed 1536K, reserved 1048576K
}
Event: 3.991 GC heap after
{Heap after GC invocations=2 (full 0):
 garbage-first heap   total 262144K, used 9123K [0x0000000701e00000, 0x0000000800000000)
  region size 2048K, 3 young (6144K), 3 survivors (6144K)
 Metaspace       used 10520K, committed 10752K, reserved 1114112K
  class space    used 1381K, committed 1536K, reserved 1048576K
}
Event: 7.100 GC heap before
{Heap before GC invocations=2 (full 0):
 garbage-first heap   total 262144K, used 64419K [0x0000000701e00000, 0x0000000800000000)
  region size 2048K, 22 young (45056K), 3 survivors (6144K)
 Metaspace       used 17752K, committed 18048K, reserved 1114112K
  class space    used 2628K, committed 2752K, reserved 1048576K
}
Event: 7.108 GC heap after
{Heap after GC invocations=3 (full 0):
 garbage-first heap   total 262144K, used 32091K [0x0000000701e00000, 0x0000000800000000)
  region size 2048K, 3 young (6144K), 3 survivors (6144K)
 Metaspace       used 17752K, committed 18048K, reserved 1114112K
  class space    used 2628K, committed 2752K, reserved 1048576K
}
Event: 15.363 GC heap before
{Heap before GC invocations=3 (full 0):
 garbage-first heap   total 262144K, used 58715K [0x0000000701e00000, 0x0000000800000000)
  region size 2048K, 17 young (34816K), 3 survivors (6144K)
 Metaspace       used 21219K, committed 21504K, reserved 1114112K
  class space    used 3086K, committed 3264K, reserved 1048576K
}
Event: 15.368 GC heap after
{Heap after GC invocations=4 (full 0):
 garbage-first heap   total 262144K, used 34665K [0x0000000701e00000, 0x0000000800000000)
  region size 2048K, 5 young (10240K), 5 survivors (10240K)
 Metaspace       used 21219K, committed 21504K, reserved 1114112K
  class space    used 3086K, committed 3264K, reserved 1048576K
}
Event: 66.194 GC heap before
{Heap before GC invocations=5 (full 0):
 garbage-first heap   total 131072K, used 108393K [0x0000000701e00000, 0x0000000800000000)
  region size 2048K, 41 young (83968K), 5 survivors (10240K)
 Metaspace       used 22579K, committed 22912K, reserved 1114112K
  class space    used 3186K, committed 3392K, reserved 1048576K
}
Event: 66.203 GC heap after
{Heap after GC invocations=6 (full 0):
 garbage-first heap   total 131072K, used 42523K [0x0000000701e00000, 0x0000000800000000)
  region size 2048K, 9 young (18432K), 9 survivors (18432K)
 Metaspace       used 22579K, committed 22912K, reserved 1114112K
  class space    used 3186K, committed 3392K, reserved 1048576K
}

