# JRE version: OpenJDK Runtime Environment Corretto-17.0.13.11.1 (17.0.13+11) (build 17.0.13+11-LTS)
# Java VM: OpenJDK 64-Bit Server VM Corretto-17.0.13.11.1 (17.0.13+11-LTS, mixed mode, sharing, tiered, compressed oops, compressed class ptrs, g1 gc, windows-amd64)
GC Precious Log:
 CPUs: 8 total, 8 available
 Memory: 7103M
 Large Page Support: Disabled
 NUMA Support: Disabled
 Compressed Oops: Enabled (32-bit)
 Heap Region Size: 1M
 Heap Min Capacity: 8M
 Heap Initial Capacity: 112M
 Heap Max Capacity: 1776M
 Pre-touch: Disabled
 Parallel Workers: 8
 Concurrent Workers: 2
 Concurrent Refinement Workers: 8
 Periodic GC: Disabled
Heap:
 garbage-first heap   total 109568K, used 61569K [0x0000000091000000, 0x0000000100000000)
  region size 1024K, 9 young (9216K), 3 survivors (3072K)
 Metaspace       used 23639K, committed 24064K, reserved 1114112K
  class space    used 3230K, committed 3456K, reserved 1048576K
GC Heap History (20 events):
Event: 79.808 GC heap before
{Heap before GC invocations=8 (full 0):
 garbage-first heap   total 109568K, used 56240K [0x0000000091000000, 0x0000000100000000)
  region size 1024K, 9 young (9216K), 3 survivors (3072K)
 Metaspace       used 23231K, committed 23616K, reserved 1114112K
  class space    used 3196K, committed 3392K, reserved 1048576K
}
Event: 79.811 GC heap after
{Heap after GC invocations=9 (full 0):
 garbage-first heap   total 109568K, used 50592K [0x0000000091000000, 0x0000000100000000)
  region size 1024K, 2 young (2048K), 2 survivors (2048K)
 Metaspace       used 23231K, committed 23616K, reserved 1114112K
  class space    used 3196K, committed 3392K, reserved 1048576K
}
Event: 79.870 GC heap before
{Heap before GC invocations=10 (full 0):
 garbage-first heap   total 109568K, used 52640K [0x0000000091000000, 0x0000000100000000)
  region size 1024K, 4 young (4096K), 2 survivors (2048K)
 Metaspace       used 23231K, committed 23616K, reserved 1114112K
  class space    used 3196K, committed 3392K, reserved 1048576K
}
Event: 79.874 GC heap after
{Heap after GC invocations=11 (full 0):
 garbage-first heap   total 109568K, used 52137K [0x0000000091000000, 0x0000000100000000)
  region size 1024K, 2 young (2048K), 2 survivors (2048K)
 Metaspace       used 23231K, committed 23616K, reserved 1114112K
  class space    used 3196K, committed 3392K, reserved 1048576K
}
Event: 84.323 GC heap before
{Heap before GC invocations=12 (full 0):
 garbage-first heap   total 109568K, used 63401K [0x0000000091000000, 0x0000000100000000)
  region size 1024K, 13 young (13312K), 2 survivors (2048K)
 Metaspace       used 23263K, committed 23616K, reserved 1114112K
  class space    used 3196K, committed 3392K, reserved 1048576K
}
Event: 84.326 GC heap after
{Heap after GC invocations=13 (full 0):
 garbage-first heap   total 109568K, used 52568K [0x0000000091000000, 0x0000000100000000)
  region size 1024K, 2 young (2048K), 2 survivors (2048K)
 Metaspace       used 23263K, committed 23616K, reserved 1114112K
  class space    used 3196K, committed 3392K, reserved 1048576K
}
Event: 84.395 GC heap before
{Heap before GC invocations=14 (full 0):
 garbage-first heap   total 109568K, used 55640K [0x0000000091000000, 0x0000000100000000)
  region size 1024K, 5 young (5120K), 2 survivors (2048K)
 Metaspace       used 23271K, committed 23616K, reserved 1114112K
  class space    used 3196K, committed 3392K, reserved 1048576K
}
Event: 84.399 GC heap after
{Heap after GC invocations=15 (full 0):
 garbage-first heap   total 109568K, used 54234K [0x0000000091000000, 0x0000000100000000)
  region size 1024K, 3 young (3072K), 3 survivors (3072K)
 Metaspace       used 23271K, committed 23616K, reserved 1114112K
  class space    used 3196K, committed 3392K, reserved 1048576K
}
Event: 88.271 GC heap before
{Heap before GC invocations=16 (full 0):
 garbage-first heap   total 109568K, used 60378K [0x0000000091000000, 0x0000000100000000)
  region size 1024K, 9 young (9216K), 3 survivors (3072K)
 Metaspace       used 23342K, committed 23680K, reserved 1114112K
  class space    used 3198K, committed 3392K, reserved 1048576K
}
Event: 88.274 GC heap after
{Heap after GC invocations=17 (full 0):
 garbage-first heap   total 109568K, used 52466K [0x0000000091000000, 0x0000000100000000)
  region size 1024K, 2 young (2048K), 2 survivors (2048K)
 Metaspace       used 23342K, committed 23680K, reserved 1114112K
  class space    used 3198K, committed 3392K, reserved 1048576K
}
Event: 88.345 GC heap before
{Heap before GC invocations=18 (full 0):
 garbage-first heap   total 109568K, used 55538K [0x0000000091000000, 0x0000000100000000)
  region size 1024K, 5 young (5120K), 2 survivors (2048K)
 Metaspace       used 23349K, committed 23680K, reserved 1114112K
  class space    used 3198K, committed 3392K, reserved 1048576K
}
Event: 88.348 GC heap after
{Heap after GC invocations=19 (full 0):
 garbage-first heap   total 109568K, used 54087K [0x0000000091000000, 0x0000000100000000)
  region size 1024K, 2 young (2048K), 2 survivors (2048K)
 Metaspace       used 23349K, committed 23680K, reserved 1114112K
  class space    used 3198K, committed 3392K, reserved 1048576K
}
Event: 96.881 GC heap before
{Heap before GC invocations=20 (full 0):
 garbage-first heap   total 109568K, used 64327K [0x0000000091000000, 0x0000000100000000)
  region size 1024K, 13 young (13312K), 2 survivors (2048K)
 Metaspace       used 23508K, committed 23872K, reserved 1114112K
  class space    used 3220K, committed 3456K, reserved 1048576K
}
Event: 96.884 GC heap after
{Heap after GC invocations=21 (full 0):
 garbage-first heap   total 109568K, used 53856K [0x0000000091000000, 0x0000000100000000)
  region size 1024K, 3 young (3072K), 3 survivors (3072K)
 Metaspace       used 23508K, committed 23872K, reserved 1114112K
  class space    used 3220K, committed 3456K, reserved 1048576K
}
Event: 96.954 GC heap before
{Heap before GC invocations=22 (full 0):
 garbage-first heap   total 109568K, used 55904K [0x0000000091000000, 0x0000000100000000)
  region size 1024K, 5 young (5120K), 3 survivors (3072K)
 Metaspace       used 23510K, committed 23872K, reserved 1114112K
  class space    used 3220K, committed 3456K, reserved 1048576K
}
Event: 96.958 GC heap after
{Heap after GC invocations=23 (full 0):
 garbage-first heap   total 109568K, used 55317K [0x0000000091000000, 0x0000000100000000)
  region size 1024K, 3 young (3072K), 3 survivors (3072K)
 Metaspace       used 23510K, committed 23872K, reserved 1114112K
  class space    used 3220K, committed 3456K, reserved 1048576K
}
Event: 135.550 GC heap before
{Heap before GC invocations=24 (full 0):
 garbage-first heap   total 109568K, used 62485K [0x0000000091000000, 0x0000000100000000)
  region size 1024K, 10 young (10240K), 3 survivors (3072K)
 Metaspace       used 23609K, committed 24000K, reserved 1114112K
  class space    used 3228K, committed 3456K, reserved 1048576K
}
Event: 135.553 GC heap after
{Heap after GC invocations=25 (full 0):
 garbage-first heap   total 109568K, used 53855K [0x0000000091000000, 0x0000000100000000)
  region size 1024K, 2 young (2048K), 2 survivors (2048K)
 Metaspace       used 23609K, committed 24000K, reserved 1114112K
  class space    used 3228K, committed 3456K, reserved 1048576K
}
Event: 135.635 GC heap before
{Heap before GC invocations=26 (full 0):
 garbage-first heap   total 109568K, used 55903K [0x0000000091000000, 0x0000000100000000)
  region size 1024K, 4 young (4096K), 2 survivors (2048K)
 Metaspace       used 23612K, committed 24000K, reserved 1114112K
  class space    used 3228K, committed 3456K, reserved 1048576K
}
Event: 135.641 GC heap after
{Heap after GC invocations=27 (full 0):
 garbage-first heap   total 109568K, used 55425K [0x0000000091000000, 0x0000000100000000)
  region size 1024K, 3 young (3072K), 3 survivors (3072K)
 Metaspace       used 23612K, committed 24000K, reserved 1114112K
  class space    used 3228K, committed 3456K, reserved 1048576K
}

