# JRE version: OpenJDK Runtime Environment Corretto-17.0.13.11.1 (17.0.13+11) (build 17.0.13+11-LTS)
# Java VM: OpenJDK 64-Bit Server VM Corretto-17.0.13.11.1 (17.0.13+11-LTS, mixed mode, sharing, tiered, compressed oops, compressed class ptrs, g1 gc, windows-amd64)
GC Precious Log:
 CPUs: 8 total, 8 available
 Memory: 7103M
 Large Page Support: Disabled
 NUMA Support: Disabled
 Compressed Oops: Enabled (32-bit)
 Heap Region Size: 1M
 Heap Min Capacity: 8M
 Heap Initial Capacity: 112M
 Heap Max Capacity: 1776M
 Pre-touch: Disabled
 Parallel Workers: 8
 Concurrent Workers: 2
 Concurrent Refinement Workers: 8
 Periodic GC: Disabled
Heap:
 garbage-first heap   total 114688K, used 60094K [0x0000000091000000, 0x0000000100000000)
  region size 1024K, 17 young (17408K), 1 survivors (1024K)
 Metaspace       used 22967K, committed 23424K, reserved 1114112K
  class space    used 3226K, committed 3456K, reserved 1048576K
GC Heap History (10 events):
Event: 1.029 GC heap before
{Heap before GC invocations=0 (full 0):
 garbage-first heap   total 114688K, used 22528K [0x0000000091000000, 0x0000000100000000)
  region size 1024K, 23 young (23552K), 0 survivors (0K)
 Metaspace       used 4573K, committed 4800K, reserved 1114112K
  class space    used 515K, committed 640K, reserved 1048576K
}
Event: 1.033 GC heap after
{Heap after GC invocations=1 (full 0):
 garbage-first heap   total 114688K, used 2951K [0x0000000091000000, 0x0000000100000000)
  region size 1024K, 3 young (3072K), 3 survivors (3072K)
 Metaspace       used 4573K, committed 4800K, reserved 1114112K
  class space    used 515K, committed 640K, reserved 1048576K
}
Event: 4.295 GC heap before
{Heap before GC invocations=1 (full 0):
 garbage-first heap   total 114688K, used 39815K [0x0000000091000000, 0x0000000100000000)
  region size 1024K, 36 young (36864K), 3 survivors (3072K)
 Metaspace       used 10753K, committed 11008K, reserved 1114112K
  class space    used 1425K, committed 1536K, reserved 1048576K
}
Event: 4.301 GC heap after
{Heap after GC invocations=2 (full 0):
 garbage-first heap   total 114688K, used 8871K [0x0000000091000000, 0x0000000100000000)
  region size 1024K, 4 young (4096K), 4 survivors (4096K)
 Metaspace       used 10753K, committed 11008K, reserved 1114112K
  class space    used 1425K, committed 1536K, reserved 1048576K
}
Event: 14.648 GC heap before
{Heap before GC invocations=2 (full 0):
 garbage-first heap   total 114688K, used 86695K [0x0000000091000000, 0x0000000100000000)
  region size 1024K, 62 young (63488K), 4 survivors (4096K)
 Metaspace       used 21244K, committed 21504K, reserved 1114112K
  class space    used 3071K, committed 3264K, reserved 1048576K
}
Event: 14.661 GC heap after
{Heap after GC invocations=3 (full 0):
 garbage-first heap   total 114688K, used 33697K [0x0000000091000000, 0x0000000100000000)
  region size 1024K, 9 young (9216K), 9 survivors (9216K)
 Metaspace       used 21244K, committed 21504K, reserved 1114112K
  class space    used 3071K, committed 3264K, reserved 1048576K
}
Event: 50.182 GC heap before
{Heap before GC invocations=4 (full 0):
 garbage-first heap   total 114688K, used 90017K [0x0000000091000000, 0x0000000100000000)
  region size 1024K, 55 young (56320K), 9 survivors (9216K)
 Metaspace       used 22737K, committed 23104K, reserved 1114112K
  class space    used 3206K, committed 3392K, reserved 1048576K
}
Event: 50.195 GC heap after
{Heap after GC invocations=5 (full 0):
 garbage-first heap   total 114688K, used 42999K [0x0000000091000000, 0x0000000100000000)
  region size 1024K, 7 young (7168K), 7 survivors (7168K)
 Metaspace       used 22737K, committed 23104K, reserved 1114112K
  class space    used 3206K, committed 3392K, reserved 1048576K
}
Event: 52.377 GC heap before
{Heap before GC invocations=5 (full 0):
 garbage-first heap   total 114688K, used 44023K [0x0000000091000000, 0x0000000100000000)
  region size 1024K, 8 young (8192K), 7 survivors (7168K)
 Metaspace       used 22751K, committed 23104K, reserved 1114112K
  class space    used 3206K, committed 3392K, reserved 1048576K
}
Event: 52.393 GC heap after
{Heap after GC invocations=6 (full 0):
 garbage-first heap   total 114688K, used 42686K [0x0000000091000000, 0x0000000100000000)
  region size 1024K, 1 young (1024K), 1 survivors (1024K)
 Metaspace       used 22751K, committed 23104K, reserved 1114112K
  class space    used 3206K, committed 3392K, reserved 1048576K
}

