# JRE version: OpenJDK Runtime Environment Corretto-17.0.13.11.1 (17.0.13+11) (build 17.0.13+11-LTS)
# Java VM: OpenJDK 64-Bit Server VM Corretto-17.0.13.11.1 (17.0.13+11-LTS, mixed mode, sharing, tiered, compressed oops, compressed class ptrs, g1 gc, windows-amd64)
GC Precious Log:
 CPUs: 8 total, 8 available
 Memory: 7103M
 Large Page Support: Disabled
 NUMA Support: Disabled
 Compressed Oops: Enabled (32-bit)
 Heap Region Size: 1M
 Heap Min Capacity: 8M
 Heap Initial Capacity: 112M
 Heap Max Capacity: 1776M
 Pre-touch: Disabled
 Parallel Workers: 8
 Concurrent Workers: 2
 Concurrent Refinement Workers: 8
 Periodic GC: Disabled
Heap:
 garbage-first heap   total 114688K, used 38795K [0x0000000091000000, 0x0000000100000000)
  region size 1024K, 15 young (15360K), 9 survivors (9216K)
 Metaspace       used 21594K, committed 22016K, reserved 1114112K
  class space    used 3170K, committed 3392K, reserved 1048576K
GC Heap History (6 events):
Event: 1.437 GC heap before
{Heap before GC invocations=0 (full 0):
 garbage-first heap   total 114688K, used 23552K [0x0000000091000000, 0x0000000100000000)
  region size 1024K, 23 young (23552K), 0 survivors (0K)
 Metaspace       used 4590K, committed 4800K, reserved 1114112K
  class space    used 515K, committed 640K, reserved 1048576K
}
Event: 1.442 GC heap after
{Heap after GC invocations=1 (full 0):
 garbage-first heap   total 114688K, used 3029K [0x0000000091000000, 0x0000000100000000)
  region size 1024K, 3 young (3072K), 3 survivors (3072K)
 Metaspace       used 4590K, committed 4800K, reserved 1114112K
  class space    used 515K, committed 640K, reserved 1048576K
}
Event: 6.300 GC heap before
{Heap before GC invocations=1 (full 0):
 garbage-first heap   total 114688K, used 38869K [0x0000000091000000, 0x0000000100000000)
  region size 1024K, 35 young (35840K), 3 survivors (3072K)
 Metaspace       used 10567K, committed 10752K, reserved 1114112K
  class space    used 1379K, committed 1472K, reserved 1048576K
}
Event: 6.307 GC heap after
{Heap after GC invocations=2 (full 0):
 garbage-first heap   total 114688K, used 8375K [0x0000000091000000, 0x0000000100000000)
  region size 1024K, 4 young (4096K), 4 survivors (4096K)
 Metaspace       used 10567K, committed 10752K, reserved 1114112K
  class space    used 1379K, committed 1472K, reserved 1048576K
}
Event: 31.129 GC heap before
{Heap before GC invocations=2 (full 0):
 garbage-first heap   total 114688K, used 87223K [0x0000000091000000, 0x0000000100000000)
  region size 1024K, 63 young (64512K), 4 survivors (4096K)
 Metaspace       used 21205K, committed 21504K, reserved 1114112K
  class space    used 3069K, committed 3264K, reserved 1048576K
}
Event: 31.140 GC heap after
{Heap after GC invocations=3 (full 0):
 garbage-first heap   total 114688K, used 33675K [0x0000000091000000, 0x0000000100000000)
  region size 1024K, 9 young (9216K), 9 survivors (9216K)
 Metaspace       used 21205K, committed 21504K, reserved 1114112K
  class space    used 3069K, committed 3264K, reserved 1048576K
}

