# JRE version: OpenJDK Runtime Environment Corretto-17.0.12.7.1 (17.0.12+7) (build 17.0.12+7-LTS)
# Java VM: OpenJDK 64-Bit Server VM Corretto-17.0.12.7.1 (17.0.12+7-LTS, mixed mode, sharing, tiered, compressed oops, compressed class ptrs, g1 gc, windows-amd64)
GC Precious Log:
 CPUs: 8 total, 8 available
 Memory: 7103M
 Large Page Support: Disabled
 NUMA Support: Disabled
 Compressed Oops: Enabled (32-bit)
 Heap Region Size: 1M
 Heap Min Capacity: 8M
 Heap Initial Capacity: 112M
 Heap Max Capacity: 1776M
 Pre-touch: Disabled
 Parallel Workers: 8
 Concurrent Workers: 2
 Concurrent Refinement Workers: 8
 Periodic GC: Disabled
Heap:
 garbage-first heap   total 114688K, used 54455K [0x0000000091000000, 0x0000000100000000)
  region size 1024K, 18 young (18432K), 5 survivors (5120K)
 Metaspace       used 23640K, committed 24000K, reserved 1114112K
  class space    used 3404K, committed 3584K, reserved 1048576K
GC Heap History (10 events):
Event: 1.088 GC heap before
{Heap before GC invocations=0 (full 0):
 garbage-first heap   total 114688K, used 22528K [0x0000000091000000, 0x0000000100000000)
  region size 1024K, 23 young (23552K), 0 survivors (0K)
 Metaspace       used 4582K, committed 4800K, reserved 1114112K
  class space    used 513K, committed 640K, reserved 1048576K
}
Event: 1.094 GC heap after
{Heap after GC invocations=1 (full 0):
 garbage-first heap   total 114688K, used 3093K [0x0000000091000000, 0x0000000100000000)
  region size 1024K, 3 young (3072K), 3 survivors (3072K)
 Metaspace       used 4582K, committed 4800K, reserved 1114112K
  class space    used 513K, committed 640K, reserved 1048576K
}
Event: 4.498 GC heap before
{Heap before GC invocations=1 (full 0):
 garbage-first heap   total 114688K, used 38933K [0x0000000091000000, 0x0000000100000000)
  region size 1024K, 35 young (35840K), 3 survivors (3072K)
 Metaspace       used 11001K, committed 11200K, reserved 1114112K
  class space    used 1464K, committed 1600K, reserved 1048576K
}
Event: 4.505 GC heap after
{Heap after GC invocations=2 (full 0):
 garbage-first heap   total 114688K, used 7979K [0x0000000091000000, 0x0000000100000000)
  region size 1024K, 3 young (3072K), 3 survivors (3072K)
 Metaspace       used 11001K, committed 11200K, reserved 1114112K
  class space    used 1464K, committed 1600K, reserved 1048576K
}
Event: 11.085 GC heap before
{Heap before GC invocations=2 (full 0):
 garbage-first heap   total 114688K, used 80683K [0x0000000091000000, 0x0000000100000000)
  region size 1024K, 55 young (56320K), 3 survivors (3072K)
 Metaspace       used 20523K, committed 20800K, reserved 1114112K
  class space    used 3007K, committed 3136K, reserved 1048576K
}
Event: 11.096 GC heap after
{Heap after GC invocations=3 (full 0):
 garbage-first heap   total 114688K, used 32864K [0x0000000091000000, 0x0000000100000000)
  region size 1024K, 7 young (7168K), 7 survivors (7168K)
 Metaspace       used 20523K, committed 20800K, reserved 1114112K
  class space    used 3007K, committed 3136K, reserved 1048576K
}
Event: 12.251 GC heap before
{Heap before GC invocations=3 (full 0):
 garbage-first heap   total 114688K, used 35936K [0x0000000091000000, 0x0000000100000000)
  region size 1024K, 11 young (11264K), 7 survivors (7168K)
 Metaspace       used 21265K, committed 21504K, reserved 1114112K
  class space    used 3102K, committed 3264K, reserved 1048576K
}
Event: 12.259 GC heap after
{Heap after GC invocations=4 (full 0):
 garbage-first heap   total 114688K, used 34033K [0x0000000091000000, 0x0000000100000000)
  region size 1024K, 1 young (1024K), 1 survivors (1024K)
 Metaspace       used 21265K, committed 21504K, reserved 1114112K
  class space    used 3102K, committed 3264K, reserved 1048576K
}
Event: 43.361 GC heap before
{Heap before GC invocations=5 (full 0):
 garbage-first heap   total 114688K, used 98545K [0x0000000091000000, 0x0000000100000000)
  region size 1024K, 48 young (49152K), 1 survivors (1024K)
 Metaspace       used 23417K, committed 23808K, reserved 1114112K
  class space    used 3381K, committed 3584K, reserved 1048576K
}
Event: 43.367 GC heap after
{Heap after GC invocations=6 (full 0):
 garbage-first heap   total 114688K, used 40119K [0x0000000091000000, 0x0000000100000000)
  region size 1024K, 5 young (5120K), 5 survivors (5120K)
 Metaspace       used 23417K, committed 23808K, reserved 1114112K
  class space    used 3381K, committed 3584K, reserved 1048576K
}

