# JRE version: OpenJDK Runtime Environment Corretto-17.0.13.11.1 (17.0.13+11) (build 17.0.13+11-LTS)
# Java VM: OpenJDK 64-Bit Server VM Corretto-17.0.13.11.1 (17.0.13+11-LTS, mixed mode, sharing, tiered, compressed oops, compressed class ptrs, g1 gc, windows-amd64)
GC Precious Log:
 CPUs: 8 total, 8 available
 Memory: 7103M
 Large Page Support: Disabled
 NUMA Support: Disabled
 Compressed Oops: Enabled (32-bit)
 Heap Region Size: 1M
 Heap Min Capacity: 8M
 Heap Initial Capacity: 112M
 Heap Max Capacity: 1776M
 Pre-touch: Disabled
 Parallel Workers: 8
 Concurrent Workers: 2
 Concurrent Refinement Workers: 8
 Periodic GC: Disabled
Heap:
 garbage-first heap   total 114688K, used 86588K [0x0000000091000000, 0x0000000100000000)
  region size 1024K, 38 young (38912K), 4 survivors (4096K)
 Metaspace       used 23438K, committed 23808K, reserved 1114112K
  class space    used 3219K, committed 3456K, reserved 1048576K
GC Heap History (10 events):
Event: 1.126 GC heap before
{Heap before GC invocations=0 (full 0):
 garbage-first heap   total 114688K, used 23552K [0x0000000091000000, 0x0000000100000000)
  region size 1024K, 23 young (23552K), 0 survivors (0K)
 Metaspace       used 4571K, committed 4800K, reserved 1114112K
  class space    used 513K, committed 640K, reserved 1048576K
}
Event: 1.130 GC heap after
{Heap after GC invocations=1 (full 0):
 garbage-first heap   total 114688K, used 3025K [0x0000000091000000, 0x0000000100000000)
  region size 1024K, 3 young (3072K), 3 survivors (3072K)
 Metaspace       used 4571K, committed 4800K, reserved 1114112K
  class space    used 513K, committed 640K, reserved 1048576K
}
Event: 4.431 GC heap before
{Heap before GC invocations=1 (full 0):
 garbage-first heap   total 114688K, used 39889K [0x0000000091000000, 0x0000000100000000)
  region size 1024K, 36 young (36864K), 3 survivors (3072K)
 Metaspace       used 10756K, committed 11008K, reserved 1114112K
  class space    used 1426K, committed 1536K, reserved 1048576K
}
Event: 4.438 GC heap after
{Heap after GC invocations=2 (full 0):
 garbage-first heap   total 114688K, used 8386K [0x0000000091000000, 0x0000000100000000)
  region size 1024K, 4 young (4096K), 4 survivors (4096K)
 Metaspace       used 10756K, committed 11008K, reserved 1114112K
  class space    used 1426K, committed 1536K, reserved 1048576K
}
Event: 13.957 GC heap before
{Heap before GC invocations=2 (full 0):
 garbage-first heap   total 114688K, used 86210K [0x0000000091000000, 0x0000000100000000)
  region size 1024K, 62 young (63488K), 4 survivors (4096K)
 Metaspace       used 21199K, committed 21504K, reserved 1114112K
  class space    used 3069K, committed 3200K, reserved 1048576K
}
Event: 13.970 GC heap after
{Heap after GC invocations=3 (full 0):
 garbage-first heap   total 114688K, used 33720K [0x0000000091000000, 0x0000000100000000)
  region size 1024K, 9 young (9216K), 9 survivors (9216K)
 Metaspace       used 21199K, committed 21504K, reserved 1114112K
  class space    used 3069K, committed 3200K, reserved 1048576K
}
Event: 48.617 GC heap before
{Heap before GC invocations=4 (full 0):
 garbage-first heap   total 114688K, used 91064K [0x0000000091000000, 0x0000000100000000)
  region size 1024K, 55 young (56320K), 9 survivors (9216K)
 Metaspace       used 22517K, committed 22848K, reserved 1114112K
  class space    used 3187K, committed 3392K, reserved 1048576K
}
Event: 48.630 GC heap after
{Heap after GC invocations=5 (full 0):
 garbage-first heap   total 114688K, used 42086K [0x0000000091000000, 0x0000000100000000)
  region size 1024K, 6 young (6144K), 6 survivors (6144K)
 Metaspace       used 22517K, committed 22848K, reserved 1114112K
  class space    used 3187K, committed 3392K, reserved 1048576K
}
Event: 137.769 GC heap before
{Heap before GC invocations=5 (full 0):
 garbage-first heap   total 114688K, used 93286K [0x0000000091000000, 0x0000000100000000)
  region size 1024K, 47 young (48128K), 6 survivors (6144K)
 Metaspace       used 23165K, committed 23616K, reserved 1114112K
  class space    used 3215K, committed 3456K, reserved 1048576K
}
Event: 137.779 GC heap after
{Heap after GC invocations=6 (full 0):
 garbage-first heap   total 114688K, used 46652K [0x0000000091000000, 0x0000000100000000)
  region size 1024K, 4 young (4096K), 4 survivors (4096K)
 Metaspace       used 23165K, committed 23616K, reserved 1114112K
  class space    used 3215K, committed 3456K, reserved 1048576K
}

