# JRE version: OpenJDK Runtime Environment Corretto-17.0.13.11.1 (17.0.13+11) (build 17.0.13+11-LTS)
# Java VM: OpenJDK 64-Bit Server VM Corretto-17.0.13.11.1 (17.0.13+11-LTS, mixed mode, sharing, tiered, compressed oops, compressed class ptrs, g1 gc, windows-amd64)
GC Precious Log:
 CPUs: 8 total, 8 available
 Memory: 7103M
 Large Page Support: Disabled
 NUMA Support: Disabled
 Compressed Oops: Enabled (32-bit)
 Heap Region Size: 1M
 Heap Min Capacity: 8M
 Heap Initial Capacity: 112M
 Heap Max Capacity: 1776M
 Pre-touch: Disabled
 Parallel Workers: 8
 Concurrent Workers: 2
 Concurrent Refinement Workers: 8
 Periodic GC: Disabled
Heap:
 garbage-first heap   total 114688K, used 50175K [0x0000000091000000, 0x0000000100000000)
  region size 1024K, 7 young (7168K), 4 survivors (4096K)
 Metaspace       used 23112K, committed 23488K, reserved 1114112K
  class space    used 3226K, committed 3456K, reserved 1048576K
GC Heap History (10 events):
Event: 1.203 GC heap before
{Heap before GC invocations=0 (full 0):
 garbage-first heap   total 114688K, used 23552K [0x0000000091000000, 0x0000000100000000)
  region size 1024K, 23 young (23552K), 0 survivors (0K)
 Metaspace       used 4575K, committed 4800K, reserved 1114112K
  class space    used 515K, committed 640K, reserved 1048576K
}
Event: 1.207 GC heap after
{Heap after GC invocations=1 (full 0):
 garbage-first heap   total 114688K, used 3311K [0x0000000091000000, 0x0000000100000000)
  region size 1024K, 3 young (3072K), 3 survivors (3072K)
 Metaspace       used 4575K, committed 4800K, reserved 1114112K
  class space    used 515K, committed 640K, reserved 1048576K
}
Event: 4.574 GC heap before
{Heap before GC invocations=1 (full 0):
 garbage-first heap   total 114688K, used 39151K [0x0000000091000000, 0x0000000100000000)
  region size 1024K, 35 young (35840K), 3 survivors (3072K)
 Metaspace       used 10561K, committed 10816K, reserved 1114112K
  class space    used 1383K, committed 1536K, reserved 1048576K
}
Event: 4.580 GC heap after
{Heap after GC invocations=2 (full 0):
 garbage-first heap   total 114688K, used 8865K [0x0000000091000000, 0x0000000100000000)
  region size 1024K, 4 young (4096K), 4 survivors (4096K)
 Metaspace       used 10561K, committed 10816K, reserved 1114112K
  class space    used 1383K, committed 1536K, reserved 1048576K
}
Event: 17.208 GC heap before
{Heap before GC invocations=2 (full 0):
 garbage-first heap   total 114688K, used 87713K [0x0000000091000000, 0x0000000100000000)
  region size 1024K, 63 young (64512K), 4 survivors (4096K)
 Metaspace       used 21237K, committed 21504K, reserved 1114112K
  class space    used 3082K, committed 3264K, reserved 1048576K
}
Event: 17.226 GC heap after
{Heap after GC invocations=3 (full 0):
 garbage-first heap   total 114688K, used 34552K [0x0000000091000000, 0x0000000100000000)
  region size 1024K, 9 young (9216K), 9 survivors (9216K)
 Metaspace       used 21237K, committed 21504K, reserved 1114112K
  class space    used 3082K, committed 3264K, reserved 1048576K
}
Event: 95.891 GC heap before
{Heap before GC invocations=4 (full 0):
 garbage-first heap   total 114688K, used 88824K [0x0000000091000000, 0x0000000100000000)
  region size 1024K, 53 young (54272K), 9 survivors (9216K)
 Metaspace       used 22553K, committed 22976K, reserved 1114112K
  class space    used 3209K, committed 3456K, reserved 1048576K
}
Event: 95.905 GC heap after
{Heap after GC invocations=5 (full 0):
 garbage-first heap   total 114688K, used 43657K [0x0000000091000000, 0x0000000100000000)
  region size 1024K, 6 young (6144K), 6 survivors (6144K)
 Metaspace       used 22553K, committed 22976K, reserved 1114112K
  class space    used 3209K, committed 3456K, reserved 1048576K
}
Event: 187.085 GC heap before
{Heap before GC invocations=5 (full 0):
 garbage-first heap   total 114688K, used 89737K [0x0000000091000000, 0x0000000100000000)
  region size 1024K, 46 young (47104K), 6 survivors (6144K)
 Metaspace       used 23096K, committed 23488K, reserved 1114112K
  class space    used 3224K, committed 3456K, reserved 1048576K
}
Event: 187.093 GC heap after
{Heap after GC invocations=6 (full 0):
 garbage-first heap   total 114688K, used 48127K [0x0000000091000000, 0x0000000100000000)
  region size 1024K, 4 young (4096K), 4 survivors (4096K)
 Metaspace       used 23096K, committed 23488K, reserved 1114112K
  class space    used 3224K, committed 3456K, reserved 1048576K
}

