# JRE version: OpenJDK Runtime Environment Corretto-17.0.13.11.1 (17.0.13+11) (build 17.0.13+11-LTS)
# Java VM: OpenJDK 64-Bit Server VM Corretto-17.0.13.11.1 (17.0.13+11-LTS, mixed mode, sharing, tiered, compressed oops, compressed class ptrs, g1 gc, windows-amd64)
GC Precious Log:
 CPUs: 8 total, 8 available
 Memory: 7103M
 Large Page Support: Disabled
 NUMA Support: Disabled
 Compressed Oops: Enabled (32-bit)
 Heap Region Size: 1M
 Heap Min Capacity: 8M
 Heap Initial Capacity: 112M
 Heap Max Capacity: 1776M
 Pre-touch: Disabled
 Parallel Workers: 8
 Concurrent Workers: 2
 Concurrent Refinement Workers: 8
 Periodic GC: Disabled
Heap:
 garbage-first heap   total 109568K, used 73186K [0x0000000091000000, 0x0000000100000000)
  region size 1024K, 15 young (15360K), 1 survivors (1024K)
 Metaspace       used 23610K, committed 24064K, reserved 1114112K
  class space    used 3231K, committed 3456K, reserved 1048576K
GC Heap History (20 events):
Event: 4.970 GC heap before
{Heap before GC invocations=1 (full 0):
 garbage-first heap   total 114688K, used 39317K [0x0000000091000000, 0x0000000100000000)
  region size 1024K, 35 young (35840K), 3 survivors (3072K)
 Metaspace       used 10588K, committed 10752K, reserved 1114112K
  class space    used 1384K, committed 1472K, reserved 1048576K
}
Event: 4.974 GC heap after
{Heap after GC invocations=2 (full 0):
 garbage-first heap   total 114688K, used 8173K [0x0000000091000000, 0x0000000100000000)
  region size 1024K, 5 young (5120K), 5 survivors (5120K)
 Metaspace       used 10588K, committed 10752K, reserved 1114112K
  class space    used 1384K, committed 1472K, reserved 1048576K
}
Event: 24.397 GC heap before
{Heap before GC invocations=2 (full 0):
 garbage-first heap   total 114688K, used 87021K [0x0000000091000000, 0x0000000100000000)
  region size 1024K, 65 young (66560K), 5 survivors (5120K)
 Metaspace       used 21223K, committed 21504K, reserved 1114112K
  class space    used 3069K, committed 3200K, reserved 1048576K
}
Event: 24.409 GC heap after
{Heap after GC invocations=3 (full 0):
 garbage-first heap   total 114688K, used 31520K [0x0000000091000000, 0x0000000100000000)
  region size 1024K, 9 young (9216K), 9 survivors (9216K)
 Metaspace       used 21223K, committed 21504K, reserved 1114112K
  class space    used 3069K, committed 3200K, reserved 1048576K
}
Event: 60.881 GC heap before
{Heap before GC invocations=4 (full 0):
 garbage-first heap   total 109568K, used 89888K [0x0000000091000000, 0x0000000100000000)
  region size 1024K, 56 young (57344K), 9 survivors (9216K)
 Metaspace       used 22587K, committed 22912K, reserved 1114112K
  class space    used 3189K, committed 3392K, reserved 1048576K
}
Event: 60.892 GC heap after
{Heap after GC invocations=5 (full 0):
 garbage-first heap   total 109568K, used 41772K [0x0000000091000000, 0x0000000100000000)
  region size 1024K, 7 young (7168K), 7 survivors (7168K)
 Metaspace       used 22587K, committed 22912K, reserved 1114112K
  class space    used 3189K, committed 3392K, reserved 1048576K
}
Event: 60.908 GC heap before
{Heap before GC invocations=5 (full 0):
 garbage-first heap   total 109568K, used 42796K [0x0000000091000000, 0x0000000100000000)
  region size 1024K, 8 young (8192K), 7 survivors (7168K)
 Metaspace       used 22601K, committed 22976K, reserved 1114112K
  class space    used 3189K, committed 3392K, reserved 1048576K
}
Event: 60.912 GC heap after
{Heap after GC invocations=6 (full 0):
 garbage-first heap   total 109568K, used 42633K [0x0000000091000000, 0x0000000100000000)
  region size 1024K, 1 young (1024K), 1 survivors (1024K)
 Metaspace       used 22601K, committed 22976K, reserved 1114112K
  class space    used 3189K, committed 3392K, reserved 1048576K
}
Event: 84.354 GC heap before
{Heap before GC invocations=6 (full 0):
 garbage-first heap   total 109568K, used 88713K [0x0000000091000000, 0x0000000100000000)
  region size 1024K, 39 young (39936K), 1 survivors (1024K)
 Metaspace       used 23036K, committed 23360K, reserved 1114112K
  class space    used 3193K, committed 3392K, reserved 1048576K
}
Event: 84.360 GC heap after
{Heap after GC invocations=7 (full 0):
 garbage-first heap   total 109568K, used 52047K [0x0000000091000000, 0x0000000100000000)
  region size 1024K, 5 young (5120K), 5 survivors (5120K)
 Metaspace       used 23036K, committed 23360K, reserved 1114112K
  class space    used 3193K, committed 3392K, reserved 1048576K
}
Event: 94.267 GC heap before
{Heap before GC invocations=7 (full 0):
 garbage-first heap   total 109568K, used 63311K [0x0000000091000000, 0x0000000100000000)
  region size 1024K, 16 young (16384K), 5 survivors (5120K)
 Metaspace       used 23097K, committed 23424K, reserved 1114112K
  class space    used 3195K, committed 3392K, reserved 1048576K
}
Event: 94.272 GC heap after
{Heap after GC invocations=8 (full 0):
 garbage-first heap   total 109568K, used 54265K [0x0000000091000000, 0x0000000100000000)
  region size 1024K, 3 young (3072K), 3 survivors (3072K)
 Metaspace       used 23097K, committed 23424K, reserved 1114112K
  class space    used 3195K, committed 3392K, reserved 1048576K
}
Event: 94.333 GC heap before
{Heap before GC invocations=9 (full 0):
 garbage-first heap   total 109568K, used 56313K [0x0000000091000000, 0x0000000100000000)
  region size 1024K, 5 young (5120K), 3 survivors (3072K)
 Metaspace       used 23101K, committed 23424K, reserved 1114112K
  class space    used 3195K, committed 3392K, reserved 1048576K
}
Event: 94.337 GC heap after
{Heap after GC invocations=10 (full 0):
 garbage-first heap   total 109568K, used 55475K [0x0000000091000000, 0x0000000100000000)
  region size 1024K, 3 young (3072K), 3 survivors (3072K)
 Metaspace       used 23101K, committed 23424K, reserved 1114112K
  class space    used 3195K, committed 3392K, reserved 1048576K
}
Event: 113.746 GC heap before
{Heap before GC invocations=11 (full 0):
 garbage-first heap   total 109568K, used 88243K [0x0000000091000000, 0x0000000100000000)
  region size 1024K, 29 young (29696K), 3 survivors (3072K)
 Metaspace       used 23350K, committed 23680K, reserved 1114112K
  class space    used 3197K, committed 3392K, reserved 1048576K
}
Event: 113.750 GC heap after
{Heap after GC invocations=12 (full 0):
 garbage-first heap   total 109568K, used 57572K [0x0000000091000000, 0x0000000100000000)
  region size 1024K, 3 young (3072K), 3 survivors (3072K)
 Metaspace       used 23350K, committed 23680K, reserved 1114112K
  class space    used 3197K, committed 3392K, reserved 1048576K
}
Event: 122.365 GC heap before
{Heap before GC invocations=12 (full 0):
 garbage-first heap   total 109568K, used 59620K [0x0000000091000000, 0x0000000100000000)
  region size 1024K, 5 young (5120K), 3 survivors (3072K)
 Metaspace       used 23373K, committed 23680K, reserved 1114112K
  class space    used 3200K, committed 3392K, reserved 1048576K
}
Event: 122.368 GC heap after
{Heap after GC invocations=13 (full 0):
 garbage-first heap   total 109568K, used 56483K [0x0000000091000000, 0x0000000100000000)
  region size 1024K, 1 young (1024K), 1 survivors (1024K)
 Metaspace       used 23373K, committed 23680K, reserved 1114112K
  class space    used 3200K, committed 3392K, reserved 1048576K
}
Event: 124.903 GC heap before
{Heap before GC invocations=13 (full 0):
 garbage-first heap   total 109568K, used 61603K [0x0000000091000000, 0x0000000100000000)
  region size 1024K, 8 young (8192K), 1 survivors (1024K)
 Metaspace       used 23429K, committed 23744K, reserved 1114112K
  class space    used 3201K, committed 3392K, reserved 1048576K
}
Event: 124.905 GC heap after
{Heap after GC invocations=14 (full 0):
 garbage-first heap   total 109568K, used 56802K [0x0000000091000000, 0x0000000100000000)
  region size 1024K, 1 young (1024K), 1 survivors (1024K)
 Metaspace       used 23429K, committed 23744K, reserved 1114112K
  class space    used 3201K, committed 3392K, reserved 1048576K
}

