# JRE version: OpenJDK Runtime Environment Corretto-17.0.13.11.1 (17.0.13+11) (build 17.0.13+11-LTS)
# Java VM: OpenJDK 64-Bit Server VM Corretto-17.0.13.11.1 (17.0.13+11-LTS, mixed mode, sharing, tiered, compressed oops, compressed class ptrs, g1 gc, windows-amd64)
GC Precious Log:
 CPUs: 8 total, 8 available
 Memory: 7103M
 Large Page Support: Disabled
 NUMA Support: Disabled
 Compressed Oops: Enabled (32-bit)
 Heap Region Size: 1M
 Heap Min Capacity: 8M
 Heap Initial Capacity: 112M
 Heap Max Capacity: 1776M
 Pre-touch: Disabled
 Parallel Workers: 8
 Concurrent Workers: 2
 Concurrent Refinement Workers: 8
 Periodic GC: Disabled
Heap:
 garbage-first heap   total 132096K, used 79877K [0x0000000091000000, 0x0000000100000000)
  region size 1024K, 6 young (6144K), 3 survivors (3072K)
 Metaspace       used 24140K, committed 24576K, reserved 1114112K
  class space    used 3237K, committed 3456K, reserved 1048576K
GC Heap History (20 events):
Event: 203.335 GC heap before
{Heap before GC invocations=20 (full 0):
 garbage-first heap   total 114688K, used 67165K [0x0000000091000000, 0x0000000100000000)
  region size 1024K, 5 young (5120K), 4 survivors (4096K)
 Metaspace       used 23889K, committed 24320K, reserved 1114112K
  class space    used 3227K, committed 3456K, reserved 1048576K
}
Event: 203.339 GC heap after
{Heap after GC invocations=21 (full 0):
 garbage-first heap   total 114688K, used 66037K [0x0000000091000000, 0x0000000100000000)
  region size 1024K, 1 young (1024K), 1 survivors (1024K)
 Metaspace       used 23889K, committed 24320K, reserved 1114112K
  class space    used 3227K, committed 3456K, reserved 1048576K
}
Event: 251.841 GC heap before
{Heap before GC invocations=21 (full 0):
 garbage-first heap   total 114688K, used 94709K [0x0000000091000000, 0x0000000100000000)
  region size 1024K, 25 young (25600K), 1 survivors (1024K)
 Metaspace       used 23955K, committed 24320K, reserved 1114112K
  class space    used 3227K, committed 3456K, reserved 1048576K
}
Event: 251.844 GC heap after
{Heap after GC invocations=22 (full 0):
 garbage-first heap   total 114688K, used 69262K [0x0000000091000000, 0x0000000100000000)
  region size 1024K, 3 young (3072K), 3 survivors (3072K)
 Metaspace       used 23955K, committed 24320K, reserved 1114112K
  class space    used 3227K, committed 3456K, reserved 1048576K
}
Event: 251.955 GC heap before
{Heap before GC invocations=22 (full 0):
 garbage-first heap   total 114688K, used 70286K [0x0000000091000000, 0x0000000100000000)
  region size 1024K, 5 young (5120K), 3 survivors (3072K)
 Metaspace       used 23960K, committed 24384K, reserved 1114112K
  class space    used 3228K, committed 3456K, reserved 1048576K
}
Event: 251.958 GC heap after
{Heap after GC invocations=23 (full 0):
 garbage-first heap   total 114688K, used 69593K [0x0000000091000000, 0x0000000100000000)
  region size 1024K, 1 young (1024K), 1 survivors (1024K)
 Metaspace       used 23960K, committed 24384K, reserved 1114112K
  class space    used 3228K, committed 3456K, reserved 1048576K
}
Event: 258.142 GC heap before
{Heap before GC invocations=24 (full 0):
 garbage-first heap   total 121856K, used 91097K [0x0000000091000000, 0x0000000100000000)
  region size 1024K, 20 young (20480K), 1 survivors (1024K)
 Metaspace       used 23990K, committed 24384K, reserved 1114112K
  class space    used 3229K, committed 3456K, reserved 1048576K
}
Event: 258.146 GC heap after
{Heap after GC invocations=25 (full 0):
 garbage-first heap   total 121856K, used 72896K [0x0000000091000000, 0x0000000100000000)
  region size 1024K, 3 young (3072K), 3 survivors (3072K)
 Metaspace       used 23990K, committed 24384K, reserved 1114112K
  class space    used 3229K, committed 3456K, reserved 1048576K
}
Event: 259.257 GC heap before
{Heap before GC invocations=25 (full 0):
 garbage-first heap   total 121856K, used 75968K [0x0000000091000000, 0x0000000100000000)
  region size 1024K, 5 young (5120K), 3 survivors (3072K)
 Metaspace       used 23992K, committed 24384K, reserved 1114112K
  class space    used 3229K, committed 3456K, reserved 1048576K
}
Event: 259.260 GC heap after
{Heap after GC invocations=26 (full 0):
 garbage-first heap   total 121856K, used 72463K [0x0000000091000000, 0x0000000100000000)
  region size 1024K, 1 young (1024K), 1 survivors (1024K)
 Metaspace       used 23992K, committed 24384K, reserved 1114112K
  class space    used 3229K, committed 3456K, reserved 1048576K
}
Event: 263.654 GC heap before
{Heap before GC invocations=26 (full 0):
 garbage-first heap   total 121856K, used 80655K [0x0000000091000000, 0x0000000100000000)
  region size 1024K, 10 young (10240K), 1 survivors (1024K)
 Metaspace       used 24010K, committed 24384K, reserved 1114112K
  class space    used 3229K, committed 3456K, reserved 1048576K
}
Event: 263.656 GC heap after
{Heap after GC invocations=27 (full 0):
 garbage-first heap   total 121856K, used 73251K [0x0000000091000000, 0x0000000100000000)
  region size 1024K, 2 young (2048K), 2 survivors (2048K)
 Metaspace       used 24010K, committed 24384K, reserved 1114112K
  class space    used 3229K, committed 3456K, reserved 1048576K
}
Event: 272.656 GC heap before
{Heap before GC invocations=28 (full 0):
 garbage-first heap   total 132096K, used 97827K [0x0000000091000000, 0x0000000100000000)
  region size 1024K, 23 young (23552K), 2 survivors (2048K)
 Metaspace       used 24046K, committed 24448K, reserved 1114112K
  class space    used 3229K, committed 3456K, reserved 1048576K
}
Event: 272.660 GC heap after
{Heap after GC invocations=29 (full 0):
 garbage-first heap   total 132096K, used 75314K [0x0000000091000000, 0x0000000100000000)
  region size 1024K, 3 young (3072K), 3 survivors (3072K)
 Metaspace       used 24046K, committed 24448K, reserved 1114112K
  class space    used 3229K, committed 3456K, reserved 1048576K
}
Event: 274.022 GC heap before
{Heap before GC invocations=29 (full 0):
 garbage-first heap   total 132096K, used 78386K [0x0000000091000000, 0x0000000100000000)
  region size 1024K, 6 young (6144K), 3 survivors (3072K)
 Metaspace       used 24066K, committed 24512K, reserved 1114112K
  class space    used 3232K, committed 3456K, reserved 1048576K
}
Event: 274.025 GC heap after
{Heap after GC invocations=30 (full 0):
 garbage-first heap   total 132096K, used 76355K [0x0000000091000000, 0x0000000100000000)
  region size 1024K, 1 young (1024K), 1 survivors (1024K)
 Metaspace       used 24066K, committed 24512K, reserved 1114112K
  class space    used 3232K, committed 3456K, reserved 1048576K
}
Event: 274.048 GC heap before
{Heap before GC invocations=30 (full 0):
 garbage-first heap   total 132096K, used 76355K [0x0000000091000000, 0x0000000100000000)
  region size 1024K, 2 young (2048K), 1 survivors (1024K)
 Metaspace       used 24068K, committed 24512K, reserved 1114112K
  class space    used 3232K, committed 3456K, reserved 1048576K
}
Event: 274.050 GC heap after
{Heap after GC invocations=31 (full 0):
 garbage-first heap   total 132096K, used 76446K [0x0000000091000000, 0x0000000100000000)
  region size 1024K, 1 young (1024K), 1 survivors (1024K)
 Metaspace       used 24068K, committed 24512K, reserved 1114112K
  class space    used 3232K, committed 3456K, reserved 1048576K
}
Event: 285.585 GC heap before
{Heap before GC invocations=32 (full 0):
 garbage-first heap   total 132096K, used 107166K [0x0000000091000000, 0x0000000100000000)
  region size 1024K, 27 young (27648K), 1 survivors (1024K)
 Metaspace       used 24121K, committed 24576K, reserved 1114112K
  class space    used 3235K, committed 3456K, reserved 1048576K
}
Event: 285.589 GC heap after
{Heap after GC invocations=33 (full 0):
 garbage-first heap   total 132096K, used 77829K [0x0000000091000000, 0x0000000100000000)
  region size 1024K, 3 young (3072K), 3 survivors (3072K)
 Metaspace       used 24121K, committed 24576K, reserved 1114112K
  class space    used 3235K, committed 3456K, reserved 1048576K
}

