# JRE version: OpenJDK Runtime Environment Corretto-17.0.13.11.1 (17.0.13+11) (build 17.0.13+11-LTS)
# Java VM: OpenJDK 64-Bit Server VM Corretto-17.0.13.11.1 (17.0.13+11-LTS, mixed mode, sharing, tiered, compressed oops, compressed class ptrs, g1 gc, windows-amd64)
GC Precious Log:
 CPUs: 8 total, 8 available
 Memory: 7103M
 Large Page Support: Disabled
 NUMA Support: Disabled
 Compressed Oops: Enabled (32-bit)
 Heap Region Size: 1M
 Heap Min Capacity: 8M
 Heap Initial Capacity: 112M
 Heap Max Capacity: 1776M
 Pre-touch: Disabled
 Parallel Workers: 8
 Concurrent Workers: 2
 Concurrent Refinement Workers: 8
 Periodic GC: Disabled
Heap:
 garbage-first heap   total 114688K, used 60513K [0x0000000091000000, 0x0000000100000000)
  region size 1024K, 33 young (33792K), 9 survivors (9216K)
 Metaspace       used 22111K, committed 22528K, reserved 1114112K
  class space    used 3192K, committed 3392K, reserved 1048576K
GC Heap History (6 events):
Event: 2.720 GC heap before
{Heap before GC invocations=0 (full 0):
 garbage-first heap   total 114688K, used 23552K [0x0000000091000000, 0x0000000100000000)
  region size 1024K, 23 young (23552K), 0 survivors (0K)
 Metaspace       used 4571K, committed 4800K, reserved 1114112K
  class space    used 513K, committed 640K, reserved 1048576K
}
Event: 2.724 GC heap after
{Heap after GC invocations=1 (full 0):
 garbage-first heap   total 114688K, used 3215K [0x0000000091000000, 0x0000000100000000)
  region size 1024K, 3 young (3072K), 3 survivors (3072K)
 Metaspace       used 4571K, committed 4800K, reserved 1114112K
  class space    used 513K, committed 640K, reserved 1048576K
}
Event: 5.924 GC heap before
{Heap before GC invocations=1 (full 0):
 garbage-first heap   total 114688K, used 39055K [0x0000000091000000, 0x0000000100000000)
  region size 1024K, 35 young (35840K), 3 survivors (3072K)
 Metaspace       used 10455K, committed 10624K, reserved 1114112K
  class space    used 1374K, committed 1472K, reserved 1048576K
}
Event: 5.933 GC heap after
{Heap after GC invocations=2 (full 0):
 garbage-first heap   total 114688K, used 8585K [0x0000000091000000, 0x0000000100000000)
  region size 1024K, 4 young (4096K), 4 survivors (4096K)
 Metaspace       used 10455K, committed 10624K, reserved 1114112K
  class space    used 1374K, committed 1472K, reserved 1048576K
}
Event: 29.487 GC heap before
{Heap before GC invocations=2 (full 0):
 garbage-first heap   total 114688K, used 91529K [0x0000000091000000, 0x0000000100000000)
  region size 1024K, 67 young (68608K), 4 survivors (4096K)
 Metaspace       used 21233K, committed 21504K, reserved 1114112K
  class space    used 3075K, committed 3264K, reserved 1048576K
}
Event: 29.499 GC heap after
{Heap after GC invocations=3 (full 0):
 garbage-first heap   total 114688K, used 33889K [0x0000000091000000, 0x0000000100000000)
  region size 1024K, 9 young (9216K), 9 survivors (9216K)
 Metaspace       used 21233K, committed 21504K, reserved 1114112K
  class space    used 3075K, committed 3264K, reserved 1048576K
}

