# JRE version: OpenJDK Runtime Environment Corretto-17.0.12.7.1 (17.0.12+7) (build 17.0.12+7-LTS)
# Java VM: OpenJDK 64-Bit Server VM Corretto-17.0.12.7.1 (17.0.12+7-LTS, mixed mode, sharing, tiered, compressed oops, compressed class ptrs, g1 gc, windows-amd64)
GC Precious Log:
 CPUs: 8 total, 8 available
 Memory: 7103M
 Large Page Support: Disabled
 NUMA Support: Disabled
 Compressed Oops: Enabled (32-bit)
 Heap Region Size: 1M
 Heap Min Capacity: 8M
 Heap Initial Capacity: 112M
 Heap Max Capacity: 1776M
 Pre-touch: Disabled
 Parallel Workers: 8
 Concurrent Workers: 2
 Concurrent Refinement Workers: 8
 Periodic GC: Disabled
Heap:
 garbage-first heap   total 114688K, used 36788K [0x0000000091000000, 0x0000000100000000)
  region size 1024K, 11 young (11264K), 7 survivors (7168K)
 Metaspace       used 21341K, committed 21696K, reserved 1114112K
  class space    used 3144K, committed 3328K, reserved 1048576K
GC Heap History (6 events):
Event: 4.688 GC heap before
{Heap before GC invocations=0 (full 0):
 garbage-first heap   total 114688K, used 22528K [0x0000000091000000, 0x0000000100000000)
  region size 1024K, 23 young (23552K), 0 survivors (0K)
 Metaspace       used 4633K, committed 4800K, reserved 1114112K
  class space    used 532K, committed 640K, reserved 1048576K
}
Event: 4.692 GC heap after
{Heap after GC invocations=1 (full 0):
 garbage-first heap   total 114688K, used 3757K [0x0000000091000000, 0x0000000100000000)
  region size 1024K, 3 young (3072K), 3 survivors (3072K)
 Metaspace       used 4633K, committed 4800K, reserved 1114112K
  class space    used 532K, committed 640K, reserved 1048576K
}
Event: 8.138 GC heap before
{Heap before GC invocations=1 (full 0):
 garbage-first heap   total 114688K, used 38573K [0x0000000091000000, 0x0000000100000000)
  region size 1024K, 34 young (34816K), 3 survivors (3072K)
 Metaspace       used 11427K, committed 11648K, reserved 1114112K
  class space    used 1545K, committed 1664K, reserved 1048576K
}
Event: 8.145 GC heap after
{Heap after GC invocations=2 (full 0):
 garbage-first heap   total 114688K, used 9763K [0x0000000091000000, 0x0000000100000000)
  region size 1024K, 4 young (4096K), 4 survivors (4096K)
 Metaspace       used 11427K, committed 11648K, reserved 1114112K
  class space    used 1545K, committed 1664K, reserved 1048576K
}
Event: 123.868 GC heap before
{Heap before GC invocations=2 (full 0):
 garbage-first heap   total 114688K, used 79395K [0x0000000091000000, 0x0000000100000000)
  region size 1024K, 54 young (55296K), 4 survivors (4096K)
 Metaspace       used 21262K, committed 21504K, reserved 1114112K
  class space    used 3128K, committed 3264K, reserved 1048576K
}
Event: 123.881 GC heap after
{Heap after GC invocations=3 (full 0):
 garbage-first heap   total 114688K, used 33716K [0x0000000091000000, 0x0000000100000000)
  region size 1024K, 7 young (7168K), 7 survivors (7168K)
 Metaspace       used 21262K, committed 21504K, reserved 1114112K
  class space    used 3128K, committed 3264K, reserved 1048576K
}

