# JRE version: OpenJDK Runtime Environment Corretto-17.0.13.11.1 (17.0.13+11) (build 17.0.13+11-LTS)
# Java VM: OpenJDK 64-Bit Server VM Corretto-17.0.13.11.1 (17.0.13+11-LTS, mixed mode, sharing, tiered, compressed oops, compressed class ptrs, g1 gc, windows-amd64)
GC Precious Log:
 CPUs: 8 total, 8 available
 Memory: 7103M
 Large Page Support: Disabled
 NUMA Support: Disabled
 Compressed Oops: Enabled (32-bit)
 Heap Region Size: 1M
 Heap Min Capacity: 8M
 Heap Initial Capacity: 112M
 Heap Max Capacity: 1776M
 Pre-touch: Disabled
 Parallel Workers: 8
 Concurrent Workers: 2
 Concurrent Refinement Workers: 8
 Periodic GC: Disabled
Heap:
 garbage-first heap   total 114688K, used 48633K [0x0000000091000000, 0x0000000100000000)
  region size 1024K, 6 young (6144K), 4 survivors (4096K)
 Metaspace       used 23068K, committed 23424K, reserved 1114112K
  class space    used 3203K, committed 3392K, reserved 1048576K
GC Heap History (10 events):
Event: 1.332 GC heap before
{Heap before GC invocations=0 (full 0):
 garbage-first heap   total 114688K, used 23552K [0x0000000091000000, 0x0000000100000000)
  region size 1024K, 23 young (23552K), 0 survivors (0K)
 Metaspace       used 4551K, committed 4736K, reserved 1114112K
  class space    used 513K, committed 640K, reserved 1048576K
}
Event: 1.337 GC heap after
{Heap after GC invocations=1 (full 0):
 garbage-first heap   total 114688K, used 2943K [0x0000000091000000, 0x0000000100000000)
  region size 1024K, 3 young (3072K), 3 survivors (3072K)
 Metaspace       used 4551K, committed 4736K, reserved 1114112K
  class space    used 513K, committed 640K, reserved 1048576K
}
Event: 4.632 GC heap before
{Heap before GC invocations=1 (full 0):
 garbage-first heap   total 114688K, used 37759K [0x0000000091000000, 0x0000000100000000)
  region size 1024K, 35 young (35840K), 3 survivors (3072K)
 Metaspace       used 10425K, committed 10560K, reserved 1114112K
  class space    used 1368K, committed 1408K, reserved 1048576K
}
Event: 4.645 GC heap after
{Heap after GC invocations=2 (full 0):
 garbage-first heap   total 114688K, used 8436K [0x0000000091000000, 0x0000000100000000)
  region size 1024K, 4 young (4096K), 4 survivors (4096K)
 Metaspace       used 10425K, committed 10560K, reserved 1114112K
  class space    used 1368K, committed 1408K, reserved 1048576K
}
Event: 17.890 GC heap before
{Heap before GC invocations=2 (full 0):
 garbage-first heap   total 114688K, used 87284K [0x0000000091000000, 0x0000000100000000)
  region size 1024K, 63 young (64512K), 4 survivors (4096K)
 Metaspace       used 21245K, committed 21504K, reserved 1114112K
  class space    used 3077K, committed 3264K, reserved 1048576K
}
Event: 17.903 GC heap after
{Heap after GC invocations=3 (full 0):
 garbage-first heap   total 114688K, used 33731K [0x0000000091000000, 0x0000000100000000)
  region size 1024K, 9 young (9216K), 9 survivors (9216K)
 Metaspace       used 21245K, committed 21504K, reserved 1114112K
  class space    used 3077K, committed 3264K, reserved 1048576K
}
Event: 90.372 GC heap before
{Heap before GC invocations=4 (full 0):
 garbage-first heap   total 114688K, used 88003K [0x0000000091000000, 0x0000000100000000)
  region size 1024K, 54 young (55296K), 9 survivors (9216K)
 Metaspace       used 22528K, committed 22848K, reserved 1114112K
  class space    used 3187K, committed 3392K, reserved 1048576K
}
Event: 90.396 GC heap after
{Heap after GC invocations=5 (full 0):
 garbage-first heap   total 114688K, used 42662K [0x0000000091000000, 0x0000000100000000)
  region size 1024K, 6 young (6144K), 6 survivors (6144K)
 Metaspace       used 22528K, committed 22848K, reserved 1114112K
  class space    used 3187K, committed 3392K, reserved 1048576K
}
Event: 316.939 GC heap before
{Heap before GC invocations=5 (full 0):
 garbage-first heap   total 114688K, used 91814K [0x0000000091000000, 0x0000000100000000)
  region size 1024K, 47 young (48128K), 6 survivors (6144K)
 Metaspace       used 23042K, committed 23424K, reserved 1114112K
  class space    used 3201K, committed 3392K, reserved 1048576K
}
Event: 316.948 GC heap after
{Heap after GC invocations=6 (full 0):
 garbage-first heap   total 114688K, used 47609K [0x0000000091000000, 0x0000000100000000)
  region size 1024K, 4 young (4096K), 4 survivors (4096K)
 Metaspace       used 23042K, committed 23424K, reserved 1114112K
  class space    used 3201K, committed 3392K, reserved 1048576K
}

