# JRE version: OpenJDK Runtime Environment Corretto-17.0.13.11.1 (17.0.13+11) (build 17.0.13+11-LTS)
# Java VM: OpenJDK 64-Bit Server VM Corretto-17.0.13.11.1 (17.0.13+11-LTS, mixed mode, sharing, tiered, compressed oops, compressed class ptrs, g1 gc, windows-amd64)
GC Precious Log:
 CPUs: 8 total, 8 available
 Memory: 7103M
 Large Page Support: Disabled
 NUMA Support: Disabled
 Compressed Oops: Enabled (32-bit)
 Heap Region Size: 1M
 Heap Min Capacity: 8M
 Heap Initial Capacity: 112M
 Heap Max Capacity: 1776M
 Pre-touch: Disabled
 Parallel Workers: 8
 Concurrent Workers: 2
 Concurrent Refinement Workers: 8
 Periodic GC: Disabled
Heap:
 garbage-first heap   total 109568K, used 72331K [0x0000000091000000, 0x0000000100000000)
  region size 1024K, 26 young (26624K), 1 survivors (1024K)
 Metaspace       used 23026K, committed 23360K, reserved 1114112K
  class space    used 3212K, committed 3392K, reserved 1048576K
GC Heap History (10 events):
Event: 2.053 GC heap before
{Heap before GC invocations=0 (full 0):
 garbage-first heap   total 114688K, used 23552K [0x0000000091000000, 0x0000000100000000)
  region size 1024K, 23 young (23552K), 0 survivors (0K)
 Metaspace       used 4581K, committed 4800K, reserved 1114112K
  class space    used 515K, committed 640K, reserved 1048576K
}
Event: 2.057 GC heap after
{Heap after GC invocations=1 (full 0):
 garbage-first heap   total 114688K, used 3461K [0x0000000091000000, 0x0000000100000000)
  region size 1024K, 3 young (3072K), 3 survivors (3072K)
 Metaspace       used 4581K, committed 4800K, reserved 1114112K
  class space    used 515K, committed 640K, reserved 1048576K
}
Event: 5.248 GC heap before
{Heap before GC invocations=1 (full 0):
 garbage-first heap   total 114688K, used 39301K [0x0000000091000000, 0x0000000100000000)
  region size 1024K, 36 young (36864K), 3 survivors (3072K)
 Metaspace       used 10845K, committed 11136K, reserved 1114112K
  class space    used 1442K, committed 1600K, reserved 1048576K
}
Event: 5.254 GC heap after
{Heap after GC invocations=2 (full 0):
 garbage-first heap   total 114688K, used 8385K [0x0000000091000000, 0x0000000100000000)
  region size 1024K, 5 young (5120K), 5 survivors (5120K)
 Metaspace       used 10845K, committed 11136K, reserved 1114112K
  class space    used 1442K, committed 1600K, reserved 1048576K
}
Event: 19.129 GC heap before
{Heap before GC invocations=2 (full 0):
 garbage-first heap   total 114688K, used 85185K [0x0000000091000000, 0x0000000100000000)
  region size 1024K, 63 young (64512K), 5 survivors (5120K)
 Metaspace       used 21228K, committed 21504K, reserved 1114112K
  class space    used 3069K, committed 3200K, reserved 1048576K
}
Event: 19.141 GC heap after
{Heap after GC invocations=3 (full 0):
 garbage-first heap   total 114688K, used 31502K [0x0000000091000000, 0x0000000100000000)
  region size 1024K, 9 young (9216K), 9 survivors (9216K)
 Metaspace       used 21228K, committed 21504K, reserved 1114112K
  class space    used 3069K, committed 3200K, reserved 1048576K
}
Event: 142.115 GC heap before
{Heap before GC invocations=4 (full 0):
 garbage-first heap   total 109568K, used 88846K [0x0000000091000000, 0x0000000100000000)
  region size 1024K, 56 young (57344K), 9 survivors (9216K)
 Metaspace       used 22673K, committed 23040K, reserved 1114112K
  class space    used 3208K, committed 3392K, reserved 1048576K
}
Event: 142.126 GC heap after
{Heap after GC invocations=5 (full 0):
 garbage-first heap   total 109568K, used 40376K [0x0000000091000000, 0x0000000100000000)
  region size 1024K, 6 young (6144K), 6 survivors (6144K)
 Metaspace       used 22673K, committed 23040K, reserved 1114112K
  class space    used 3208K, committed 3392K, reserved 1048576K
}
Event: 142.139 GC heap before
{Heap before GC invocations=5 (full 0):
 garbage-first heap   total 109568K, used 41400K [0x0000000091000000, 0x0000000100000000)
  region size 1024K, 7 young (7168K), 6 survivors (6144K)
 Metaspace       used 22701K, committed 23040K, reserved 1114112K
  class space    used 3208K, committed 3392K, reserved 1048576K
}
Event: 142.143 GC heap after
{Heap after GC invocations=6 (full 0):
 garbage-first heap   total 109568K, used 41611K [0x0000000091000000, 0x0000000100000000)
  region size 1024K, 1 young (1024K), 1 survivors (1024K)
 Metaspace       used 22701K, committed 23040K, reserved 1114112K
  class space    used 3208K, committed 3392K, reserved 1048576K
}

