# JRE version: OpenJDK Runtime Environment Corretto-17.0.13.11.1 (17.0.13+11) (build 17.0.13+11-LTS)
# Java VM: OpenJDK 64-Bit Server VM Corretto-17.0.13.11.1 (17.0.13+11-LTS, mixed mode, sharing, tiered, compressed oops, compressed class ptrs, g1 gc, windows-amd64)
GC Precious Log:
 CPUs: 8 total, 8 available
 Memory: 7103M
 Large Page Support: Disabled
 NUMA Support: Disabled
 Compressed Oops: Enabled (32-bit)
 Heap Region Size: 1M
 Heap Min Capacity: 8M
 Heap Initial Capacity: 112M
 Heap Max Capacity: 1776M
 Pre-touch: Disabled
 Parallel Workers: 8
 Concurrent Workers: 2
 Concurrent Refinement Workers: 8
 Periodic GC: Disabled
Heap:
 garbage-first heap   total 109568K, used 47491K [0x0000000091000000, 0x0000000100000000)
  region size 1024K, 7 young (7168K), 1 survivors (1024K)
 Metaspace       used 22725K, committed 23040K, reserved 1114112K
  class space    used 3214K, committed 3392K, reserved 1048576K
GC Heap History (10 events):
Event: 4.566 GC heap before
{Heap before GC invocations=0 (full 0):
 garbage-first heap   total 114688K, used 22528K [0x0000000091000000, 0x0000000100000000)
  region size 1024K, 23 young (23552K), 0 survivors (0K)
 Metaspace       used 4574K, committed 4800K, reserved 1114112K
  class space    used 515K, committed 640K, reserved 1048576K
}
Event: 4.569 GC heap after
{Heap after GC invocations=1 (full 0):
 garbage-first heap   total 114688K, used 3408K [0x0000000091000000, 0x0000000100000000)
  region size 1024K, 3 young (3072K), 3 survivors (3072K)
 Metaspace       used 4574K, committed 4800K, reserved 1114112K
  class space    used 515K, committed 640K, reserved 1048576K
}
Event: 7.617 GC heap before
{Heap before GC invocations=1 (full 0):
 garbage-first heap   total 114688K, used 40272K [0x0000000091000000, 0x0000000100000000)
  region size 1024K, 36 young (36864K), 3 survivors (3072K)
 Metaspace       used 10739K, committed 11008K, reserved 1114112K
  class space    used 1428K, committed 1536K, reserved 1048576K
}
Event: 7.622 GC heap after
{Heap after GC invocations=2 (full 0):
 garbage-first heap   total 114688K, used 8497K [0x0000000091000000, 0x0000000100000000)
  region size 1024K, 5 young (5120K), 5 survivors (5120K)
 Metaspace       used 10739K, committed 11008K, reserved 1114112K
  class space    used 1428K, committed 1536K, reserved 1048576K
}
Event: 16.651 GC heap before
{Heap before GC invocations=2 (full 0):
 garbage-first heap   total 114688K, used 85297K [0x0000000091000000, 0x0000000100000000)
  region size 1024K, 63 young (64512K), 5 survivors (5120K)
 Metaspace       used 21254K, committed 21504K, reserved 1114112K
  class space    used 3092K, committed 3264K, reserved 1048576K
}
Event: 16.664 GC heap after
{Heap after GC invocations=3 (full 0):
 garbage-first heap   total 114688K, used 31267K [0x0000000091000000, 0x0000000100000000)
  region size 1024K, 9 young (9216K), 9 survivors (9216K)
 Metaspace       used 21254K, committed 21504K, reserved 1114112K
  class space    used 3092K, committed 3264K, reserved 1048576K
}
Event: 55.170 GC heap before
{Heap before GC invocations=4 (full 0):
 garbage-first heap   total 109568K, used 90659K [0x0000000091000000, 0x0000000100000000)
  region size 1024K, 56 young (57344K), 9 survivors (9216K)
 Metaspace       used 22544K, committed 22912K, reserved 1114112K
  class space    used 3189K, committed 3392K, reserved 1048576K
}
Event: 55.182 GC heap after
{Heap after GC invocations=5 (full 0):
 garbage-first heap   total 109568K, used 42165K [0x0000000091000000, 0x0000000100000000)
  region size 1024K, 7 young (7168K), 7 survivors (7168K)
 Metaspace       used 22544K, committed 22912K, reserved 1114112K
  class space    used 3189K, committed 3392K, reserved 1048576K
}
Event: 55.610 GC heap before
{Heap before GC invocations=5 (full 0):
 garbage-first heap   total 109568K, used 44213K [0x0000000091000000, 0x0000000100000000)
  region size 1024K, 8 young (8192K), 7 survivors (7168K)
 Metaspace       used 22564K, committed 22912K, reserved 1114112K
  class space    used 3189K, committed 3392K, reserved 1048576K
}
Event: 55.614 GC heap after
{Heap after GC invocations=6 (full 0):
 garbage-first heap   total 109568K, used 42371K [0x0000000091000000, 0x0000000100000000)
  region size 1024K, 1 young (1024K), 1 survivors (1024K)
 Metaspace       used 22564K, committed 22912K, reserved 1114112K
  class space    used 3189K, committed 3392K, reserved 1048576K
}

