# JRE version: OpenJDK Runtime Environment Corretto-17.0.13.11.1 (17.0.13+11) (build 17.0.13+11-LTS)
# Java VM: OpenJDK 64-Bit Server VM Corretto-17.0.13.11.1 (17.0.13+11-LTS, mixed mode, sharing, tiered, compressed oops, compressed class ptrs, g1 gc, windows-amd64)
GC Precious Log:
 CPUs: 8 total, 8 available
 Memory: 7103M
 Large Page Support: Disabled
 NUMA Support: Disabled
 Compressed Oops: Enabled (32-bit)
 Heap Region Size: 1M
 Heap Min Capacity: 8M
 Heap Initial Capacity: 112M
 Heap Max Capacity: 1776M
 Pre-touch: Disabled
 Parallel Workers: 8
 Concurrent Workers: 2
 Concurrent Refinement Workers: 8
 Periodic GC: Disabled
Heap:
 garbage-first heap   total 137216K, used 85555K [0x0000000091000000, 0x0000000100000000)
  region size 1024K, 8 young (8192K), 2 survivors (2048K)
 Metaspace       used 24127K, committed 24576K, reserved 1114112K
  class space    used 3232K, committed 3456K, reserved 1048576K
GC Heap History (20 events):
Event: 194.252 GC heap before
{Heap before GC invocations=58 (full 0):
 garbage-first heap   total 124928K, used 91584K [0x0000000091000000, 0x0000000100000000)
  region size 1024K, 23 young (23552K), 3 survivors (3072K)
 Metaspace       used 23735K, committed 24064K, reserved 1114112K
  class space    used 3197K, committed 3392K, reserved 1048576K
}
Event: 194.256 GC heap after
{Heap after GC invocations=59 (full 0):
 garbage-first heap   total 124928K, used 71680K [0x0000000091000000, 0x0000000100000000)
  region size 1024K, 3 young (3072K), 3 survivors (3072K)
 Metaspace       used 23735K, committed 24064K, reserved 1114112K
  class space    used 3197K, committed 3392K, reserved 1048576K
}
Event: 198.348 GC heap before
{Heap before GC invocations=60 (full 0):
 garbage-first heap   total 128000K, used 80896K [0x0000000091000000, 0x0000000100000000)
  region size 1024K, 11 young (11264K), 3 survivors (3072K)
 Metaspace       used 23759K, committed 24128K, reserved 1114112K
  class space    used 3197K, committed 3392K, reserved 1048576K
}
Event: 198.353 GC heap after
{Heap after GC invocations=61 (full 0):
 garbage-first heap   total 128000K, used 71727K [0x0000000091000000, 0x0000000100000000)
  region size 1024K, 3 young (3072K), 3 survivors (3072K)
 Metaspace       used 23759K, committed 24128K, reserved 1114112K
  class space    used 3197K, committed 3392K, reserved 1048576K
}
Event: 203.435 GC heap before
{Heap before GC invocations=62 (full 0):
 garbage-first heap   total 128000K, used 95279K [0x0000000091000000, 0x0000000100000000)
  region size 1024K, 25 young (25600K), 3 survivors (3072K)
 Metaspace       used 23766K, committed 24128K, reserved 1114112K
  class space    used 3197K, committed 3392K, reserved 1048576K
}
Event: 203.440 GC heap after
{Heap after GC invocations=63 (full 0):
 garbage-first heap   total 128000K, used 73610K [0x0000000091000000, 0x0000000100000000)
  region size 1024K, 3 young (3072K), 3 survivors (3072K)
 Metaspace       used 23766K, committed 24128K, reserved 1114112K
  class space    used 3197K, committed 3392K, reserved 1048576K
}
Event: 203.527 GC heap before
{Heap before GC invocations=64 (full 0):
 garbage-first heap   total 128000K, used 76682K [0x0000000091000000, 0x0000000100000000)
  region size 1024K, 6 young (6144K), 3 survivors (3072K)
 Metaspace       used 23768K, committed 24128K, reserved 1114112K
  class space    used 3197K, committed 3392K, reserved 1048576K
}
Event: 203.532 GC heap after
{Heap after GC invocations=65 (full 0):
 garbage-first heap   total 128000K, used 75564K [0x0000000091000000, 0x0000000100000000)
  region size 1024K, 3 young (3072K), 3 survivors (3072K)
 Metaspace       used 23768K, committed 24128K, reserved 1114112K
  class space    used 3197K, committed 3392K, reserved 1048576K
}
Event: 207.969 GC heap before
{Heap before GC invocations=66 (full 0):
 garbage-first heap   total 130048K, used 80684K [0x0000000091000000, 0x0000000100000000)
  region size 1024K, 9 young (9216K), 3 survivors (3072K)
 Metaspace       used 23790K, committed 24192K, reserved 1114112K
  class space    used 3198K, committed 3392K, reserved 1048576K
}
Event: 207.974 GC heap after
{Heap after GC invocations=67 (full 0):
 garbage-first heap   total 130048K, used 73800K [0x0000000091000000, 0x0000000100000000)
  region size 1024K, 2 young (2048K), 2 survivors (2048K)
 Metaspace       used 23790K, committed 24192K, reserved 1114112K
  class space    used 3198K, committed 3392K, reserved 1048576K
}
Event: 213.161 GC heap before
{Heap before GC invocations=68 (full 0):
 garbage-first heap   total 130048K, used 96328K [0x0000000091000000, 0x0000000100000000)
  region size 1024K, 23 young (23552K), 2 survivors (2048K)
 Metaspace       used 23805K, committed 24192K, reserved 1114112K
  class space    used 3198K, committed 3392K, reserved 1048576K
}
Event: 213.166 GC heap after
{Heap after GC invocations=69 (full 0):
 garbage-first heap   total 130048K, used 75660K [0x0000000091000000, 0x0000000100000000)
  region size 1024K, 3 young (3072K), 3 survivors (3072K)
 Metaspace       used 23805K, committed 24192K, reserved 1114112K
  class space    used 3198K, committed 3392K, reserved 1048576K
}
Event: 217.591 GC heap before
{Heap before GC invocations=70 (full 0):
 garbage-first heap   total 135168K, used 84876K [0x0000000091000000, 0x0000000100000000)
  region size 1024K, 11 young (11264K), 3 survivors (3072K)
 Metaspace       used 23857K, committed 24192K, reserved 1114112K
  class space    used 3199K, committed 3392K, reserved 1048576K
}
Event: 217.595 GC heap after
{Heap after GC invocations=71 (full 0):
 garbage-first heap   total 135168K, used 75584K [0x0000000091000000, 0x0000000100000000)
  region size 1024K, 2 young (2048K), 2 survivors (2048K)
 Metaspace       used 23857K, committed 24192K, reserved 1114112K
  class space    used 3199K, committed 3392K, reserved 1048576K
}
Event: 223.856 GC heap before
{Heap before GC invocations=72 (full 0):
 garbage-first heap   total 135168K, used 107328K [0x0000000091000000, 0x0000000100000000)
  region size 1024K, 32 young (32768K), 2 survivors (2048K)
 Metaspace       used 23933K, committed 24256K, reserved 1114112K
  class space    used 3202K, committed 3392K, reserved 1048576K
}
Event: 223.861 GC heap after
{Heap after GC invocations=73 (full 0):
 garbage-first heap   total 135168K, used 78021K [0x0000000091000000, 0x0000000100000000)
  region size 1024K, 4 young (4096K), 4 survivors (4096K)
 Metaspace       used 23933K, committed 24256K, reserved 1114112K
  class space    used 3202K, committed 3392K, reserved 1048576K
}
Event: 223.936 GC heap before
{Heap before GC invocations=74 (full 0):
 garbage-first heap   total 137216K, used 80069K [0x0000000091000000, 0x0000000100000000)
  region size 1024K, 6 young (6144K), 4 survivors (4096K)
 Metaspace       used 23936K, committed 24256K, reserved 1114112K
  class space    used 3202K, committed 3392K, reserved 1048576K
}
Event: 223.940 GC heap after
{Heap after GC invocations=75 (full 0):
 garbage-first heap   total 137216K, used 79597K [0x0000000091000000, 0x0000000100000000)
  region size 1024K, 3 young (3072K), 3 survivors (3072K)
 Metaspace       used 23936K, committed 24256K, reserved 1114112K
  class space    used 3202K, committed 3392K, reserved 1048576K
}
Event: 234.356 GC heap before
{Heap before GC invocations=76 (full 0):
 garbage-first heap   total 137216K, used 99053K [0x0000000091000000, 0x0000000100000000)
  region size 1024K, 22 young (22528K), 3 survivors (3072K)
 Metaspace       used 24108K, committed 24512K, reserved 1114112K
  class space    used 3230K, committed 3456K, reserved 1048576K
}
Event: 234.360 GC heap after
{Heap after GC invocations=77 (full 0):
 garbage-first heap   total 137216K, used 78387K [0x0000000091000000, 0x0000000100000000)
  region size 1024K, 2 young (2048K), 2 survivors (2048K)
 Metaspace       used 24108K, committed 24512K, reserved 1114112K
  class space    used 3230K, committed 3456K, reserved 1048576K
}

