# JRE version: OpenJDK Runtime Environment Corretto-17.0.13.11.1 (17.0.13+11) (build 17.0.13+11-LTS)
# Java VM: OpenJDK 64-Bit Server VM Corretto-17.0.13.11.1 (17.0.13+11-LTS, mixed mode, sharing, tiered, compressed oops, compressed class ptrs, g1 gc, windows-amd64)
GC Precious Log:
 CPUs: 8 total, 8 available
 Memory: 7103M
 Large Page Support: Disabled
 NUMA Support: Disabled
 Compressed Oops: Enabled (32-bit)
 Heap Region Size: 1M
 Heap Min Capacity: 8M
 Heap Initial Capacity: 112M
 Heap Max Capacity: 1776M
 Pre-touch: Disabled
 Parallel Workers: 8
 Concurrent Workers: 2
 Concurrent Refinement Workers: 8
 Periodic GC: Disabled
Heap:
 garbage-first heap   total 114688K, used 60995K [0x0000000091000000, 0x0000000100000000)
  region size 1024K, 10 young (10240K), 3 survivors (3072K)
 Metaspace       used 24251K, committed 24640K, reserved 1114112K
  class space    used 3436K, committed 3648K, reserved 1048576K
GC Heap History (12 events):
Event: 1.256 GC heap before
{Heap before GC invocations=0 (full 0):
 garbage-first heap   total 114688K, used 23552K [0x0000000091000000, 0x0000000100000000)
  region size 1024K, 23 young (23552K), 0 survivors (0K)
 Metaspace       used 4578K, committed 4800K, reserved 1114112K
  class space    used 513K, committed 640K, reserved 1048576K
}
Event: 1.259 GC heap after
{Heap after GC invocations=1 (full 0):
 garbage-first heap   total 114688K, used 3071K [0x0000000091000000, 0x0000000100000000)
  region size 1024K, 3 young (3072K), 3 survivors (3072K)
 Metaspace       used 4578K, committed 4800K, reserved 1114112K
  class space    used 513K, committed 640K, reserved 1048576K
}
Event: 4.537 GC heap before
{Heap before GC invocations=1 (full 0):
 garbage-first heap   total 114688K, used 39935K [0x0000000091000000, 0x0000000100000000)
  region size 1024K, 36 young (36864K), 3 survivors (3072K)
 Metaspace       used 10738K, committed 11008K, reserved 1114112K
  class space    used 1425K, committed 1536K, reserved 1048576K
}
Event: 4.543 GC heap after
{Heap after GC invocations=2 (full 0):
 garbage-first heap   total 114688K, used 8456K [0x0000000091000000, 0x0000000100000000)
  region size 1024K, 4 young (4096K), 4 survivors (4096K)
 Metaspace       used 10738K, committed 11008K, reserved 1114112K
  class space    used 1425K, committed 1536K, reserved 1048576K
}
Event: 13.200 GC heap before
{Heap before GC invocations=2 (full 0):
 garbage-first heap   total 114688K, used 86280K [0x0000000091000000, 0x0000000100000000)
  region size 1024K, 62 young (63488K), 4 survivors (4096K)
 Metaspace       used 21262K, committed 21504K, reserved 1114112K
  class space    used 3092K, committed 3264K, reserved 1048576K
}
Event: 13.212 GC heap after
{Heap after GC invocations=3 (full 0):
 garbage-first heap   total 114688K, used 33792K [0x0000000091000000, 0x0000000100000000)
  region size 1024K, 9 young (9216K), 9 survivors (9216K)
 Metaspace       used 21262K, committed 21504K, reserved 1114112K
  class space    used 3092K, committed 3264K, reserved 1048576K
}
Event: 38.393 GC heap before
{Heap before GC invocations=4 (full 0):
 garbage-first heap   total 114688K, used 97280K [0x0000000091000000, 0x0000000100000000)
  region size 1024K, 55 young (56320K), 9 survivors (9216K)
 Metaspace       used 23300K, committed 23680K, reserved 1114112K
  class space    used 3397K, committed 3584K, reserved 1048576K
}
Event: 38.403 GC heap after
{Heap after GC invocations=5 (full 0):
 garbage-first heap   total 114688K, used 40807K [0x0000000091000000, 0x0000000100000000)
  region size 1024K, 5 young (5120K), 5 survivors (5120K)
 Metaspace       used 23300K, committed 23680K, reserved 1114112K
  class space    used 3397K, committed 3584K, reserved 1048576K
}
Event: 83.917 GC heap before
{Heap before GC invocations=5 (full 0):
 garbage-first heap   total 114688K, used 96103K [0x0000000091000000, 0x0000000100000000)
  region size 1024K, 47 young (48128K), 5 survivors (5120K)
 Metaspace       used 23984K, committed 24384K, reserved 1114112K
  class space    used 3425K, committed 3648K, reserved 1048576K
}
Event: 83.923 GC heap after
{Heap after GC invocations=6 (full 0):
 garbage-first heap   total 114688K, used 49979K [0x0000000091000000, 0x0000000100000000)
  region size 1024K, 4 young (4096K), 4 survivors (4096K)
 Metaspace       used 23984K, committed 24384K, reserved 1114112K
  class space    used 3425K, committed 3648K, reserved 1048576K
}
Event: 95.592 GC heap before
{Heap before GC invocations=6 (full 0):
 garbage-first heap   total 114688K, used 77627K [0x0000000091000000, 0x0000000100000000)
  region size 1024K, 28 young (28672K), 4 survivors (4096K)
 Metaspace       used 24175K, committed 24576K, reserved 1114112K
  class space    used 3426K, committed 3648K, reserved 1048576K
}
Event: 95.596 GC heap after
{Heap after GC invocations=7 (full 0):
 garbage-first heap   total 114688K, used 53827K [0x0000000091000000, 0x0000000100000000)
  region size 1024K, 3 young (3072K), 3 survivors (3072K)
 Metaspace       used 24175K, committed 24576K, reserved 1114112K
  class space    used 3426K, committed 3648K, reserved 1048576K
}

