# JRE version: OpenJDK Runtime Environment Corretto-17.0.13.11.1 (17.0.13+11) (build 17.0.13+11-LTS)
# Java VM: OpenJDK 64-Bit Server VM Corretto-17.0.13.11.1 (17.0.13+11-LTS, mixed mode, sharing, tiered, compressed oops, compressed class ptrs, g1 gc, windows-amd64)
GC Precious Log:
 CPUs: 8 total, 8 available
 Memory: 7103M
 Large Page Support: Disabled
 NUMA Support: Disabled
 Compressed Oops: Enabled (32-bit)
 Heap Region Size: 1M
 Heap Min Capacity: 8M
 Heap Initial Capacity: 112M
 Heap Max Capacity: 1776M
 Pre-touch: Disabled
 Parallel Workers: 8
 Concurrent Workers: 2
 Concurrent Refinement Workers: 8
 Periodic GC: Disabled
Heap:
 garbage-first heap   total 114688K, used 56124K [0x0000000091000000, 0x0000000100000000)
  region size 1024K, 12 young (12288K), 4 survivors (4096K)
 Metaspace       used 23135K, committed 23488K, reserved 1114112K
  class space    used 3206K, committed 3392K, reserved 1048576K
GC Heap History (12 events):
Event: 5.249 GC heap before
{Heap before GC invocations=0 (full 0):
 garbage-first heap   total 114688K, used 23552K [0x0000000091000000, 0x0000000100000000)
  region size 1024K, 23 young (23552K), 0 survivors (0K)
 Metaspace       used 4585K, committed 4800K, reserved 1114112K
  class space    used 515K, committed 640K, reserved 1048576K
}
Event: 5.255 GC heap after
{Heap after GC invocations=1 (full 0):
 garbage-first heap   total 114688K, used 3071K [0x0000000091000000, 0x0000000100000000)
  region size 1024K, 3 young (3072K), 3 survivors (3072K)
 Metaspace       used 4585K, committed 4800K, reserved 1114112K
  class space    used 515K, committed 640K, reserved 1048576K
}
Event: 8.588 GC heap before
{Heap before GC invocations=1 (full 0):
 garbage-first heap   total 114688K, used 38911K [0x0000000091000000, 0x0000000100000000)
  region size 1024K, 35 young (35840K), 3 survivors (3072K)
 Metaspace       used 10562K, committed 10880K, reserved 1114112K
  class space    used 1379K, committed 1536K, reserved 1048576K
}
Event: 8.601 GC heap after
{Heap after GC invocations=2 (full 0):
 garbage-first heap   total 114688K, used 8479K [0x0000000091000000, 0x0000000100000000)
  region size 1024K, 4 young (4096K), 4 survivors (4096K)
 Metaspace       used 10562K, committed 10880K, reserved 1114112K
  class space    used 1379K, committed 1536K, reserved 1048576K
}
Event: 17.084 GC heap before
{Heap before GC invocations=2 (full 0):
 garbage-first heap   total 114688K, used 86303K [0x0000000091000000, 0x0000000100000000)
  region size 1024K, 62 young (63488K), 4 survivors (4096K)
 Metaspace       used 21244K, committed 21504K, reserved 1114112K
  class space    used 3100K, committed 3264K, reserved 1048576K
}
Event: 17.097 GC heap after
{Heap after GC invocations=3 (full 0):
 garbage-first heap   total 114688K, used 33562K [0x0000000091000000, 0x0000000100000000)
  region size 1024K, 9 young (9216K), 9 survivors (9216K)
 Metaspace       used 21244K, committed 21504K, reserved 1114112K
  class space    used 3100K, committed 3264K, reserved 1048576K
}
Event: 126.971 GC heap before
{Heap before GC invocations=4 (full 0):
 garbage-first heap   total 114688K, used 88858K [0x0000000091000000, 0x0000000100000000)
  region size 1024K, 54 young (55296K), 9 survivors (9216K)
 Metaspace       used 22484K, committed 22848K, reserved 1114112K
  class space    used 3188K, committed 3392K, reserved 1048576K
}
Event: 126.987 GC heap after
{Heap after GC invocations=5 (full 0):
 garbage-first heap   total 114688K, used 42376K [0x0000000091000000, 0x0000000100000000)
  region size 1024K, 6 young (6144K), 6 survivors (6144K)
 Metaspace       used 22484K, committed 22848K, reserved 1114112K
  class space    used 3188K, committed 3392K, reserved 1048576K
}
Event: 127.998 GC heap before
{Heap before GC invocations=5 (full 0):
 garbage-first heap   total 114688K, used 43400K [0x0000000091000000, 0x0000000100000000)
  region size 1024K, 7 young (7168K), 6 survivors (6144K)
 Metaspace       used 22493K, committed 22848K, reserved 1114112K
  class space    used 3188K, committed 3392K, reserved 1048576K
}
Event: 128.024 GC heap after
{Heap after GC invocations=6 (full 0):
 garbage-first heap   total 114688K, used 41972K [0x0000000091000000, 0x0000000100000000)
  region size 1024K, 1 young (1024K), 1 survivors (1024K)
 Metaspace       used 22493K, committed 22848K, reserved 1114112K
  class space    used 3188K, committed 3392K, reserved 1048576K
}
Event: 290.041 GC heap before
{Heap before GC invocations=6 (full 0):
 garbage-first heap   total 114688K, used 92148K [0x0000000091000000, 0x0000000100000000)
  region size 1024K, 42 young (43008K), 1 survivors (1024K)
 Metaspace       used 23086K, committed 23424K, reserved 1114112K
  class space    used 3204K, committed 3392K, reserved 1048576K
}
Event: 290.047 GC heap after
{Heap after GC invocations=7 (full 0):
 garbage-first heap   total 114688K, used 46908K [0x0000000091000000, 0x0000000100000000)
  region size 1024K, 4 young (4096K), 4 survivors (4096K)
 Metaspace       used 23086K, committed 23424K, reserved 1114112K
  class space    used 3204K, committed 3392K, reserved 1048576K
}

