# JRE version: OpenJDK Runtime Environment Corretto-17.0.13.11.1 (17.0.13+11) (build 17.0.13+11-LTS)
# Java VM: OpenJDK 64-Bit Server VM Corretto-17.0.13.11.1 (17.0.13+11-LTS, mixed mode, sharing, tiered, compressed oops, compressed class ptrs, g1 gc, windows-amd64)
GC Precious Log:
 CPUs: 8 total, 8 available
 Memory: 7103M
 Large Page Support: Disabled
 NUMA Support: Disabled
 Compressed Oops: Enabled (32-bit)
 Heap Region Size: 1M
 Heap Min Capacity: 8M
 Heap Initial Capacity: 112M
 Heap Max Capacity: 1776M
 Pre-touch: Disabled
 Parallel Workers: 8
 Concurrent Workers: 2
 Concurrent Refinement Workers: 8
 Periodic GC: Disabled
Heap:
 garbage-first heap   total 114688K, used 54673K [0x0000000091000000, 0x0000000100000000)
  region size 1024K, 10 young (10240K), 4 survivors (4096K)
 Metaspace       used 23135K, committed 23488K, reserved 1114112K
  class space    used 3213K, committed 3392K, reserved 1048576K
GC Heap History (12 events):
Event: 1.149 GC heap before
{Heap before GC invocations=0 (full 0):
 garbage-first heap   total 114688K, used 23552K [0x0000000091000000, 0x0000000100000000)
  region size 1024K, 23 young (23552K), 0 survivors (0K)
 Metaspace       used 4579K, committed 4800K, reserved 1114112K
  class space    used 513K, committed 640K, reserved 1048576K
}
Event: 1.152 GC heap after
{Heap after GC invocations=1 (full 0):
 garbage-first heap   total 114688K, used 3360K [0x0000000091000000, 0x0000000100000000)
  region size 1024K, 3 young (3072K), 3 survivors (3072K)
 Metaspace       used 4579K, committed 4800K, reserved 1114112K
  class space    used 513K, committed 640K, reserved 1048576K
}
Event: 4.466 GC heap before
{Heap before GC invocations=1 (full 0):
 garbage-first heap   total 114688K, used 39200K [0x0000000091000000, 0x0000000100000000)
  region size 1024K, 35 young (35840K), 3 survivors (3072K)
 Metaspace       used 10564K, committed 10752K, reserved 1114112K
  class space    used 1383K, committed 1472K, reserved 1048576K
}
Event: 4.474 GC heap after
{Heap after GC invocations=2 (full 0):
 garbage-first heap   total 114688K, used 8448K [0x0000000091000000, 0x0000000100000000)
  region size 1024K, 4 young (4096K), 4 survivors (4096K)
 Metaspace       used 10564K, committed 10752K, reserved 1114112K
  class space    used 1383K, committed 1472K, reserved 1048576K
}
Event: 16.237 GC heap before
{Heap before GC invocations=2 (full 0):
 garbage-first heap   total 114688K, used 87296K [0x0000000091000000, 0x0000000100000000)
  region size 1024K, 64 young (65536K), 4 survivors (4096K)
 Metaspace       used 21250K, committed 21504K, reserved 1114112K
  class space    used 3084K, committed 3264K, reserved 1048576K
}
Event: 16.248 GC heap after
{Heap after GC invocations=3 (full 0):
 garbage-first heap   total 114688K, used 33716K [0x0000000091000000, 0x0000000100000000)
  region size 1024K, 9 young (9216K), 9 survivors (9216K)
 Metaspace       used 21250K, committed 21504K, reserved 1114112K
  class space    used 3084K, committed 3264K, reserved 1048576K
}
Event: 180.786 GC heap before
{Heap before GC invocations=4 (full 0):
 garbage-first heap   total 114688K, used 89012K [0x0000000091000000, 0x0000000100000000)
  region size 1024K, 54 young (55296K), 9 survivors (9216K)
 Metaspace       used 22491K, committed 22784K, reserved 1114112K
  class space    used 3186K, committed 3328K, reserved 1048576K
}
Event: 180.804 GC heap after
{Heap after GC invocations=5 (full 0):
 garbage-first heap   total 114688K, used 42700K [0x0000000091000000, 0x0000000100000000)
  region size 1024K, 7 young (7168K), 7 survivors (7168K)
 Metaspace       used 22491K, committed 22784K, reserved 1114112K
  class space    used 3186K, committed 3328K, reserved 1048576K
}
Event: 181.601 GC heap before
{Heap before GC invocations=5 (full 0):
 garbage-first heap   total 114688K, used 42700K [0x0000000091000000, 0x0000000100000000)
  region size 1024K, 8 young (8192K), 7 survivors (7168K)
 Metaspace       used 22541K, committed 22784K, reserved 1114112K
  class space    used 3186K, committed 3328K, reserved 1048576K
}
Event: 181.626 GC heap after
{Heap after GC invocations=6 (full 0):
 garbage-first heap   total 114688K, used 42215K [0x0000000091000000, 0x0000000100000000)
  region size 1024K, 1 young (1024K), 1 survivors (1024K)
 Metaspace       used 22541K, committed 22784K, reserved 1114112K
  class space    used 3186K, committed 3328K, reserved 1048576K
}
Event: 283.259 GC heap before
{Heap before GC invocations=6 (full 0):
 garbage-first heap   total 114688K, used 93415K [0x0000000091000000, 0x0000000100000000)
  region size 1024K, 42 young (43008K), 1 survivors (1024K)
 Metaspace       used 23094K, committed 23424K, reserved 1114112K
  class space    used 3211K, committed 3392K, reserved 1048576K
}
Event: 283.263 GC heap after
{Heap after GC invocations=7 (full 0):
 garbage-first heap   total 114688K, used 48529K [0x0000000091000000, 0x0000000100000000)
  region size 1024K, 4 young (4096K), 4 survivors (4096K)
 Metaspace       used 23094K, committed 23424K, reserved 1114112K
  class space    used 3211K, committed 3392K, reserved 1048576K
}

