# JRE version: OpenJDK Runtime Environment Corretto-17.0.13.11.1 (17.0.13+11) (build 17.0.13+11-LTS)
# Java VM: OpenJDK 64-Bit Server VM Corretto-17.0.13.11.1 (17.0.13+11-LTS, mixed mode, sharing, tiered, compressed oops, compressed class ptrs, g1 gc, windows-amd64)
GC Precious Log:
 CPUs: 8 total, 8 available
 Memory: 7103M
 Large Page Support: Disabled
 NUMA Support: Disabled
 Compressed Oops: Enabled (32-bit)
 Heap Region Size: 1M
 Heap Min Capacity: 8M
 Heap Initial Capacity: 112M
 Heap Max Capacity: 1776M
 Pre-touch: Disabled
 Parallel Workers: 8
 Concurrent Workers: 2
 Concurrent Refinement Workers: 8
 Periodic GC: Disabled
Heap:
 garbage-first heap   total 114688K, used 64565K [0x0000000091000000, 0x0000000100000000)
  region size 1024K, 25 young (25600K), 7 survivors (7168K)
 Metaspace       used 23089K, committed 23488K, reserved 1114112K
  class space    used 3233K, committed 3456K, reserved 1048576K
GC Heap History (8 events):
Event: 1.034 GC heap before
{Heap before GC invocations=0 (full 0):
 garbage-first heap   total 114688K, used 23552K [0x0000000091000000, 0x0000000100000000)
  region size 1024K, 23 young (23552K), 0 survivors (0K)
 Metaspace       used 4572K, committed 4800K, reserved 1114112K
  class space    used 513K, committed 640K, reserved 1048576K
}
Event: 1.037 GC heap after
{Heap after GC invocations=1 (full 0):
 garbage-first heap   total 114688K, used 3168K [0x0000000091000000, 0x0000000100000000)
  region size 1024K, 3 young (3072K), 3 survivors (3072K)
 Metaspace       used 4572K, committed 4800K, reserved 1114112K
  class space    used 513K, committed 640K, reserved 1048576K
}
Event: 4.263 GC heap before
{Heap before GC invocations=1 (full 0):
 garbage-first heap   total 114688K, used 39008K [0x0000000091000000, 0x0000000100000000)
  region size 1024K, 36 young (36864K), 3 survivors (3072K)
 Metaspace       used 10730K, committed 10944K, reserved 1114112K
  class space    used 1424K, committed 1536K, reserved 1048576K
}
Event: 4.272 GC heap after
{Heap after GC invocations=2 (full 0):
 garbage-first heap   total 114688K, used 8456K [0x0000000091000000, 0x0000000100000000)
  region size 1024K, 4 young (4096K), 4 survivors (4096K)
 Metaspace       used 10730K, committed 10944K, reserved 1114112K
  class space    used 1424K, committed 1536K, reserved 1048576K
}
Event: 15.710 GC heap before
{Heap before GC invocations=2 (full 0):
 garbage-first heap   total 114688K, used 86280K [0x0000000091000000, 0x0000000100000000)
  region size 1024K, 63 young (64512K), 4 survivors (4096K)
 Metaspace       used 21236K, committed 21504K, reserved 1114112K
  class space    used 3063K, committed 3200K, reserved 1048576K
}
Event: 15.723 GC heap after
{Heap after GC invocations=3 (full 0):
 garbage-first heap   total 114688K, used 33601K [0x0000000091000000, 0x0000000100000000)
  region size 1024K, 9 young (9216K), 9 survivors (9216K)
 Metaspace       used 21236K, committed 21504K, reserved 1114112K
  class space    used 3063K, committed 3200K, reserved 1048576K
}
Event: 51.948 GC heap before
{Heap before GC invocations=4 (full 0):
 garbage-first heap   total 114688K, used 88897K [0x0000000091000000, 0x0000000100000000)
  region size 1024K, 54 young (55296K), 9 survivors (9216K)
 Metaspace       used 22753K, committed 23104K, reserved 1114112K
  class space    used 3214K, committed 3392K, reserved 1048576K
}
Event: 51.962 GC heap after
{Heap after GC invocations=5 (full 0):
 garbage-first heap   total 114688K, used 43061K [0x0000000091000000, 0x0000000100000000)
  region size 1024K, 7 young (7168K), 7 survivors (7168K)
 Metaspace       used 22753K, committed 23104K, reserved 1114112K
  class space    used 3214K, committed 3392K, reserved 1048576K
}

