# JRE version: OpenJDK Runtime Environment Corretto-17.0.13.11.1 (17.0.13+11) (build 17.0.13+11-LTS)
# Java VM: OpenJDK 64-Bit Server VM Corretto-17.0.13.11.1 (17.0.13+11-LTS, mixed mode, sharing, tiered, compressed oops, compressed class ptrs, g1 gc, windows-amd64)
GC Precious Log:
 CPUs: 8 total, 8 available
 Memory: 7103M
 Large Page Support: Disabled
 NUMA Support: Disabled
 Compressed Oops: Enabled (32-bit)
 Heap Region Size: 1M
 Heap Min Capacity: 8M
 Heap Initial Capacity: 112M
 Heap Max Capacity: 1776M
 Pre-touch: Disabled
 Parallel Workers: 8
 Concurrent Workers: 2
 Concurrent Refinement Workers: 8
 Periodic GC: Disabled
Heap:
 garbage-first heap   total 114688K, used 83618K [0x0000000091000000, 0x0000000100000000)
  region size 1024K, 37 young (37888K), 3 survivors (3072K)
 Metaspace       used 23112K, committed 23424K, reserved 1114112K
  class space    used 3196K, committed 3392K, reserved 1048576K
GC Heap History (10 events):
Event: 1.161 GC heap before
{Heap before GC invocations=0 (full 0):
 garbage-first heap   total 114688K, used 23552K [0x0000000091000000, 0x0000000100000000)
  region size 1024K, 23 young (23552K), 0 survivors (0K)
 Metaspace       used 4583K, committed 4800K, reserved 1114112K
  class space    used 515K, committed 640K, reserved 1048576K
}
Event: 1.166 GC heap after
{Heap after GC invocations=1 (full 0):
 garbage-first heap   total 114688K, used 3071K [0x0000000091000000, 0x0000000100000000)
  region size 1024K, 3 young (3072K), 3 survivors (3072K)
 Metaspace       used 4583K, committed 4800K, reserved 1114112K
  class space    used 515K, committed 640K, reserved 1048576K
}
Event: 4.465 GC heap before
{Heap before GC invocations=1 (full 0):
 garbage-first heap   total 114688K, used 37887K [0x0000000091000000, 0x0000000100000000)
  region size 1024K, 35 young (35840K), 3 survivors (3072K)
 Metaspace       used 10527K, committed 10816K, reserved 1114112K
  class space    used 1381K, committed 1536K, reserved 1048576K
}
Event: 4.477 GC heap after
{Heap after GC invocations=2 (full 0):
 garbage-first heap   total 114688K, used 8332K [0x0000000091000000, 0x0000000100000000)
  region size 1024K, 4 young (4096K), 4 survivors (4096K)
 Metaspace       used 10527K, committed 10816K, reserved 1114112K
  class space    used 1381K, committed 1536K, reserved 1048576K
}
Event: 13.874 GC heap before
{Heap before GC invocations=2 (full 0):
 garbage-first heap   total 114688K, used 85132K [0x0000000091000000, 0x0000000100000000)
  region size 1024K, 62 young (63488K), 4 survivors (4096K)
 Metaspace       used 21254K, committed 21504K, reserved 1114112K
  class space    used 3101K, committed 3264K, reserved 1048576K
}
Event: 13.892 GC heap after
{Heap after GC invocations=3 (full 0):
 garbage-first heap   total 114688K, used 33386K [0x0000000091000000, 0x0000000100000000)
  region size 1024K, 9 young (9216K), 9 survivors (9216K)
 Metaspace       used 21254K, committed 21504K, reserved 1114112K
  class space    used 3101K, committed 3264K, reserved 1048576K
}
Event: 61.146 GC heap before
{Heap before GC invocations=4 (full 0):
 garbage-first heap   total 114688K, used 86634K [0x0000000091000000, 0x0000000100000000)
  region size 1024K, 54 young (55296K), 9 survivors (9216K)
 Metaspace       used 22450K, committed 22720K, reserved 1114112K
  class space    used 3169K, committed 3328K, reserved 1048576K
}
Event: 61.164 GC heap after
{Heap after GC invocations=5 (full 0):
 garbage-first heap   total 114688K, used 41345K [0x0000000091000000, 0x0000000100000000)
  region size 1024K, 6 young (6144K), 6 survivors (6144K)
 Metaspace       used 22450K, committed 22720K, reserved 1114112K
  class space    used 3169K, committed 3328K, reserved 1048576K
}
Event: 113.564 GC heap before
{Heap before GC invocations=5 (full 0):
 garbage-first heap   total 114688K, used 88449K [0x0000000091000000, 0x0000000100000000)
  region size 1024K, 47 young (48128K), 6 survivors (6144K)
 Metaspace       used 22924K, committed 23296K, reserved 1114112K
  class space    used 3194K, committed 3392K, reserved 1048576K
}
Event: 113.576 GC heap after
{Heap after GC invocations=6 (full 0):
 garbage-first heap   total 114688K, used 44706K [0x0000000091000000, 0x0000000100000000)
  region size 1024K, 3 young (3072K), 3 survivors (3072K)
 Metaspace       used 22924K, committed 23296K, reserved 1114112K
  class space    used 3194K, committed 3392K, reserved 1048576K
}

