# JRE version: OpenJDK Runtime Environment Corretto-17.0.13.11.1 (17.0.13+11) (build 17.0.13+11-LTS)
# Java VM: OpenJDK 64-Bit Server VM Corretto-17.0.13.11.1 (17.0.13+11-LTS, mixed mode, sharing, tiered, compressed oops, compressed class ptrs, g1 gc, windows-amd64)
GC Precious Log:
 CPUs: 8 total, 8 available
 Memory: 7103M
 Large Page Support: Disabled
 NUMA Support: Disabled
 Compressed Oops: Enabled (32-bit)
 Heap Region Size: 1M
 Heap Min Capacity: 8M
 Heap Initial Capacity: 112M
 Heap Max Capacity: 1776M
 Pre-touch: Disabled
 Parallel Workers: 8
 Concurrent Workers: 2
 Concurrent Refinement Workers: 8
 Periodic GC: Disabled
Heap:
 garbage-first heap   total 114688K, used 59300K [0x0000000091000000, 0x0000000100000000)
  region size 1024K, 31 young (31744K), 9 survivors (9216K)
 Metaspace       used 22053K, committed 22400K, reserved 1114112K
  class space    used 3191K, committed 3392K, reserved 1048576K
GC Heap History (6 events):
Event: 7.291 GC heap before
{Heap before GC invocations=0 (full 0):
 garbage-first heap   total 114688K, used 22528K [0x0000000091000000, 0x0000000100000000)
  region size 1024K, 23 young (23552K), 0 survivors (0K)
 Metaspace       used 4580K, committed 4800K, reserved 1114112K
  class space    used 513K, committed 640K, reserved 1048576K
}
Event: 7.297 GC heap after
{Heap after GC invocations=1 (full 0):
 garbage-first heap   total 114688K, used 2986K [0x0000000091000000, 0x0000000100000000)
  region size 1024K, 3 young (3072K), 3 survivors (3072K)
 Metaspace       used 4580K, committed 4800K, reserved 1114112K
  class space    used 513K, committed 640K, reserved 1048576K
}
Event: 10.656 GC heap before
{Heap before GC invocations=1 (full 0):
 garbage-first heap   total 114688K, used 37802K [0x0000000091000000, 0x0000000100000000)
  region size 1024K, 35 young (35840K), 3 survivors (3072K)
 Metaspace       used 10462K, committed 10688K, reserved 1114112K
  class space    used 1374K, committed 1472K, reserved 1048576K
}
Event: 10.669 GC heap after
{Heap after GC invocations=2 (full 0):
 garbage-first heap   total 114688K, used 8331K [0x0000000091000000, 0x0000000100000000)
  region size 1024K, 4 young (4096K), 4 survivors (4096K)
 Metaspace       used 10462K, committed 10688K, reserved 1114112K
  class space    used 1374K, committed 1472K, reserved 1048576K
}
Event: 22.180 GC heap before
{Heap before GC invocations=2 (full 0):
 garbage-first heap   total 114688K, used 86155K [0x0000000091000000, 0x0000000100000000)
  region size 1024K, 63 young (64512K), 4 survivors (4096K)
 Metaspace       used 21182K, committed 21504K, reserved 1114112K
  class space    used 3066K, committed 3264K, reserved 1048576K
}
Event: 22.195 GC heap after
{Heap after GC invocations=3 (full 0):
 garbage-first heap   total 114688K, used 33700K [0x0000000091000000, 0x0000000100000000)
  region size 1024K, 9 young (9216K), 9 survivors (9216K)
 Metaspace       used 21182K, committed 21504K, reserved 1114112K
  class space    used 3066K, committed 3264K, reserved 1048576K
}

