# JRE version: OpenJDK Runtime Environment Corretto-17.0.13.11.1 (17.0.13+11) (build 17.0.13+11-LTS)
# Java VM: OpenJDK 64-Bit Server VM Corretto-17.0.13.11.1 (17.0.13+11-LTS, mixed mode, sharing, tiered, compressed oops, compressed class ptrs, g1 gc, windows-amd64)
GC Precious Log:
 CPUs: 8 total, 8 available
 Memory: 7103M
 Large Page Support: Disabled
 NUMA Support: Disabled
 Compressed Oops: Enabled (32-bit)
 Heap Region Size: 1M
 Heap Min Capacity: 8M
 Heap Initial Capacity: 112M
 Heap Max Capacity: 1776M
 Pre-touch: Disabled
 Parallel Workers: 8
 Concurrent Workers: 2
 Concurrent Refinement Workers: 8
 Periodic GC: Disabled
Heap:
 garbage-first heap   total 114688K, used 81246K [0x0000000091000000, 0x0000000100000000)
  region size 1024K, 33 young (33792K), 3 survivors (3072K)
 Metaspace       used 23162K, committed 23552K, reserved 1114112K
  class space    used 3206K, committed 3392K, reserved 1048576K
GC Heap History (12 events):
Event: 0.867 GC heap before
{Heap before GC invocations=0 (full 0):
 garbage-first heap   total 114688K, used 22528K [0x0000000091000000, 0x0000000100000000)
  region size 1024K, 23 young (23552K), 0 survivors (0K)
 Metaspace       used 4578K, committed 4800K, reserved 1114112K
  class space    used 515K, committed 640K, reserved 1048576K
}
Event: 0.870 GC heap after
{Heap after GC invocations=1 (full 0):
 garbage-first heap   total 114688K, used 2956K [0x0000000091000000, 0x0000000100000000)
  region size 1024K, 3 young (3072K), 3 survivors (3072K)
 Metaspace       used 4578K, committed 4800K, reserved 1114112K
  class space    used 515K, committed 640K, reserved 1048576K
}
Event: 3.946 GC heap before
{Heap before GC invocations=1 (full 0):
 garbage-first heap   total 114688K, used 39820K [0x0000000091000000, 0x0000000100000000)
  region size 1024K, 36 young (36864K), 3 survivors (3072K)
 Metaspace       used 10756K, committed 11008K, reserved 1114112K
  class space    used 1425K, committed 1536K, reserved 1048576K
}
Event: 3.951 GC heap after
{Heap after GC invocations=2 (full 0):
 garbage-first heap   total 114688K, used 8819K [0x0000000091000000, 0x0000000100000000)
  region size 1024K, 4 young (4096K), 4 survivors (4096K)
 Metaspace       used 10756K, committed 11008K, reserved 1114112K
  class space    used 1425K, committed 1536K, reserved 1048576K
}
Event: 17.113 GC heap before
{Heap before GC invocations=2 (full 0):
 garbage-first heap   total 114688K, used 85619K [0x0000000091000000, 0x0000000100000000)
  region size 1024K, 62 young (63488K), 4 survivors (4096K)
 Metaspace       used 21238K, committed 21504K, reserved 1114112K
  class space    used 3083K, committed 3264K, reserved 1048576K
}
Event: 17.123 GC heap after
{Heap after GC invocations=3 (full 0):
 garbage-first heap   total 114688K, used 33759K [0x0000000091000000, 0x0000000100000000)
  region size 1024K, 9 young (9216K), 9 survivors (9216K)
 Metaspace       used 21238K, committed 21504K, reserved 1114112K
  class space    used 3083K, committed 3264K, reserved 1048576K
}
Event: 45.516 GC heap before
{Heap before GC invocations=4 (full 0):
 garbage-first heap   total 114688K, used 90079K [0x0000000091000000, 0x0000000100000000)
  region size 1024K, 55 young (56320K), 9 survivors (9216K)
 Metaspace       used 22527K, committed 22912K, reserved 1114112K
  class space    used 3186K, committed 3392K, reserved 1048576K
}
Event: 45.527 GC heap after
{Heap after GC invocations=5 (full 0):
 garbage-first heap   total 114688K, used 42850K [0x0000000091000000, 0x0000000100000000)
  region size 1024K, 7 young (7168K), 7 survivors (7168K)
 Metaspace       used 22527K, committed 22912K, reserved 1114112K
  class space    used 3186K, committed 3392K, reserved 1048576K
}
Event: 52.608 GC heap before
{Heap before GC invocations=5 (full 0):
 garbage-first heap   total 114688K, used 43874K [0x0000000091000000, 0x0000000100000000)
  region size 1024K, 8 young (8192K), 7 survivors (7168K)
 Metaspace       used 22570K, committed 22912K, reserved 1114112K
  class space    used 3188K, committed 3392K, reserved 1048576K
}
Event: 52.619 GC heap after
{Heap after GC invocations=6 (full 0):
 garbage-first heap   total 114688K, used 42521K [0x0000000091000000, 0x0000000100000000)
  region size 1024K, 1 young (1024K), 1 survivors (1024K)
 Metaspace       used 22570K, committed 22912K, reserved 1114112K
  class space    used 3188K, committed 3392K, reserved 1048576K
}
Event: 112.161 GC heap before
{Heap before GC invocations=6 (full 0):
 garbage-first heap   total 114688K, used 90649K [0x0000000091000000, 0x0000000100000000)
  region size 1024K, 42 young (43008K), 1 survivors (1024K)
 Metaspace       used 22966K, committed 23296K, reserved 1114112K
  class space    used 3203K, committed 3392K, reserved 1048576K
}
Event: 112.164 GC heap after
{Heap after GC invocations=7 (full 0):
 garbage-first heap   total 114688K, used 46430K [0x0000000091000000, 0x0000000100000000)
  region size 1024K, 3 young (3072K), 3 survivors (3072K)
 Metaspace       used 22966K, committed 23296K, reserved 1114112K
  class space    used 3203K, committed 3392K, reserved 1048576K
}

