# JRE version: OpenJDK Runtime Environment Corretto-17.0.12.7.1 (17.0.12+7) (build 17.0.12+7-LTS)
# Java VM: OpenJDK 64-Bit Server VM Corretto-17.0.12.7.1 (17.0.12+7-LTS, mixed mode, sharing, tiered, compressed oops, compressed class ptrs, g1 gc, windows-amd64)
GC Precious Log:
 CPUs: 8 total, 8 available
 Memory: 7103M
 Large Page Support: Disabled
 NUMA Support: Disabled
 Compressed Oops: Enabled (32-bit)
 Heap Region Size: 1M
 Heap Min Capacity: 8M
 Heap Initial Capacity: 112M
 Heap Max Capacity: 1776M
 Pre-touch: Disabled
 Parallel Workers: 8
 Concurrent Workers: 2
 Concurrent Refinement Workers: 8
 Periodic GC: Disabled
Heap:
 garbage-first heap   total 114688K, used 63418K [0x0000000091000000, 0x0000000100000000)
  region size 1024K, 26 young (26624K), 5 survivors (5120K)
 Metaspace       used 23861K, committed 24256K, reserved 1114112K
  class space    used 3435K, committed 3648K, reserved 1048576K
GC Heap History (8 events):
Event: 1.546 GC heap before
{Heap before GC invocations=0 (full 0):
 garbage-first heap   total 114688K, used 22528K [0x0000000091000000, 0x0000000100000000)
  region size 1024K, 23 young (23552K), 0 survivors (0K)
 Metaspace       used 4578K, committed 4800K, reserved 1114112K
  class space    used 515K, committed 640K, reserved 1048576K
}
Event: 1.554 GC heap after
{Heap after GC invocations=1 (full 0):
 garbage-first heap   total 114688K, used 3072K [0x0000000091000000, 0x0000000100000000)
  region size 1024K, 3 young (3072K), 3 survivors (3072K)
 Metaspace       used 4578K, committed 4800K, reserved 1114112K
  class space    used 515K, committed 640K, reserved 1048576K
}
Event: 5.020 GC heap before
{Heap before GC invocations=1 (full 0):
 garbage-first heap   total 114688K, used 38912K [0x0000000091000000, 0x0000000100000000)
  region size 1024K, 35 young (35840K), 3 survivors (3072K)
 Metaspace       used 10903K, committed 11136K, reserved 1114112K
  class space    used 1461K, committed 1600K, reserved 1048576K
}
Event: 5.026 GC heap after
{Heap after GC invocations=2 (full 0):
 garbage-first heap   total 114688K, used 7981K [0x0000000091000000, 0x0000000100000000)
  region size 1024K, 3 young (3072K), 3 survivors (3072K)
 Metaspace       used 10903K, committed 11136K, reserved 1114112K
  class space    used 1461K, committed 1600K, reserved 1048576K
}
Event: 17.211 GC heap before
{Heap before GC invocations=2 (full 0):
 garbage-first heap   total 114688K, used 82733K [0x0000000091000000, 0x0000000100000000)
  region size 1024K, 59 young (60416K), 3 survivors (3072K)
 Metaspace       used 21203K, committed 21504K, reserved 1114112K
  class space    used 3068K, committed 3200K, reserved 1048576K
}
Event: 17.223 GC heap after
{Heap after GC invocations=3 (full 0):
 garbage-first heap   total 114688K, used 32994K [0x0000000091000000, 0x0000000100000000)
  region size 1024K, 9 young (9216K), 9 survivors (9216K)
 Metaspace       used 21203K, committed 21504K, reserved 1114112K
  class space    used 3068K, committed 3200K, reserved 1048576K
}
Event: 66.319 GC heap before
{Heap before GC invocations=4 (full 0):
 garbage-first heap   total 114688K, used 96482K [0x0000000091000000, 0x0000000100000000)
  region size 1024K, 55 young (56320K), 9 survivors (9216K)
 Metaspace       used 23333K, committed 23680K, reserved 1114112K
  class space    used 3383K, committed 3584K, reserved 1048576K
}
Event: 66.329 GC heap after
{Heap after GC invocations=5 (full 0):
 garbage-first heap   total 114688K, used 39866K [0x0000000091000000, 0x0000000100000000)
  region size 1024K, 5 young (5120K), 5 survivors (5120K)
 Metaspace       used 23333K, committed 23680K, reserved 1114112K
  class space    used 3383K, committed 3584K, reserved 1048576K
}

