# JRE version: OpenJDK Runtime Environment Corretto-17.0.12.7.1 (17.0.12+7) (build 17.0.12+7-LTS)
# Java VM: OpenJDK 64-Bit Server VM Corretto-17.0.12.7.1 (17.0.12+7-LTS, mixed mode, sharing, tiered, compressed oops, compressed class ptrs, g1 gc, windows-amd64)
GC Precious Log:
 CPUs: 8 total, 8 available
 Memory: 16256M
 Large Page Support: Disabled
 NUMA Support: Disabled
 Compressed Oops: Enabled (Zero based)
 Heap Region Size: 2M
 Heap Min Capacity: 8M
 Heap Initial Capacity: 256M
 Heap Max Capacity: 4066M
 Pre-touch: Disabled
 Parallel Workers: 8
 Concurrent Workers: 2
 Concurrent Refinement Workers: 8
 Periodic GC: Disabled
Heap:
 garbage-first heap   total 131072K, used 64220K [0x0000000701e00000, 0x0000000800000000)
  region size 2048K, 3 young (6144K), 2 survivors (4096K)
 Metaspace       used 23873K, committed 24320K, reserved 1114112K
  class space    used 3257K, committed 3520K, reserved 1048576K
GC Heap History (20 events):
Event: 1.006 GC heap before
{Heap before GC invocations=0 (full 0):
 garbage-first heap   total 262144K, used 22528K [0x0000000701e00000, 0x0000000800000000)
  region size 2048K, 11 young (22528K), 0 survivors (0K)
 Metaspace       used 4492K, committed 4672K, reserved 1114112K
  class space    used 512K, committed 640K, reserved 1048576K
}
Event: 1.010 GC heap after
{Heap after GC invocations=1 (full 0):
 garbage-first heap   total 262144K, used 2517K [0x0000000701e00000, 0x0000000800000000)
  region size 2048K, 2 young (4096K), 2 survivors (4096K)
 Metaspace       used 4492K, committed 4672K, reserved 1114112K
  class space    used 512K, committed 640K, reserved 1048576K
}
Event: 4.317 GC heap before
{Heap before GC invocations=1 (full 0):
 garbage-first heap   total 262144K, used 39381K [0x0000000701e00000, 0x0000000800000000)
  region size 2048K, 20 young (40960K), 2 survivors (4096K)
 Metaspace       used 10542K, committed 10816K, reserved 1114112K
  class space    used 1383K, committed 1536K, reserved 1048576K
}
Event: 4.325 GC heap after
{Heap after GC invocations=2 (full 0):
 garbage-first heap   total 262144K, used 8605K [0x0000000701e00000, 0x0000000800000000)
  region size 2048K, 3 young (6144K), 3 survivors (6144K)
 Metaspace       used 10542K, committed 10816K, reserved 1114112K
  class space    used 1383K, committed 1536K, reserved 1048576K
}
Event: 8.447 GC heap before
{Heap before GC invocations=2 (full 0):
 garbage-first heap   total 262144K, used 61853K [0x0000000701e00000, 0x0000000800000000)
  region size 2048K, 21 young (43008K), 3 survivors (6144K)
 Metaspace       used 17392K, committed 17664K, reserved 1114112K
  class space    used 2552K, committed 2688K, reserved 1048576K
}
Event: 8.455 GC heap after
{Heap after GC invocations=3 (full 0):
 garbage-first heap   total 262144K, used 31449K [0x0000000701e00000, 0x0000000800000000)
  region size 2048K, 3 young (6144K), 3 survivors (6144K)
 Metaspace       used 17392K, committed 17664K, reserved 1114112K
  class space    used 2552K, committed 2688K, reserved 1048576K
}
Event: 21.845 GC heap before
{Heap before GC invocations=3 (full 0):
 garbage-first heap   total 262144K, used 60121K [0x0000000701e00000, 0x0000000800000000)
  region size 2048K, 18 young (36864K), 3 survivors (6144K)
 Metaspace       used 21311K, committed 21504K, reserved 1114112K
  class space    used 3104K, committed 3200K, reserved 1048576K
}
Event: 21.852 GC heap after
{Heap after GC invocations=4 (full 0):
 garbage-first heap   total 262144K, used 34684K [0x0000000701e00000, 0x0000000800000000)
  region size 2048K, 5 young (10240K), 5 survivors (10240K)
 Metaspace       used 21311K, committed 21504K, reserved 1114112K
  class space    used 3104K, committed 3200K, reserved 1048576K
}
Event: 84.654 GC heap before
{Heap before GC invocations=5 (full 0):
 garbage-first heap   total 131072K, used 100220K [0x0000000701e00000, 0x0000000800000000)
  region size 2048K, 38 young (77824K), 5 survivors (10240K)
 Metaspace       used 22594K, committed 22976K, reserved 1114112K
  class space    used 3185K, committed 3392K, reserved 1048576K
}
Event: 84.666 GC heap after
{Heap after GC invocations=6 (full 0):
 garbage-first heap   total 131072K, used 45246K [0x0000000701e00000, 0x0000000800000000)
  region size 2048K, 9 young (18432K), 9 survivors (18432K)
 Metaspace       used 22594K, committed 22976K, reserved 1114112K
  class space    used 3185K, committed 3392K, reserved 1048576K
}
Event: 375.122 GC heap before
{Heap before GC invocations=6 (full 0):
 garbage-first heap   total 131072K, used 88254K [0x0000000701e00000, 0x0000000800000000)
  region size 2048K, 31 young (63488K), 9 survivors (18432K)
 Metaspace       used 23376K, committed 23808K, reserved 1114112K
  class space    used 3251K, committed 3520K, reserved 1048576K
}
Event: 375.160 GC heap after
{Heap after GC invocations=7 (full 0):
 garbage-first heap   total 131072K, used 48735K [0x0000000701e00000, 0x0000000800000000)
  region size 2048K, 3 young (6144K), 3 survivors (6144K)
 Metaspace       used 23376K, committed 23808K, reserved 1114112K
  class space    used 3251K, committed 3520K, reserved 1048576K
}
Event: 790.894 GC heap before
{Heap before GC invocations=7 (full 0):
 garbage-first heap   total 131072K, used 89695K [0x0000000701e00000, 0x0000000800000000)
  region size 2048K, 24 young (49152K), 3 survivors (6144K)
 Metaspace       used 23521K, committed 24000K, reserved 1114112K
  class space    used 3252K, committed 3520K, reserved 1048576K
}
Event: 790.903 GC heap after
{Heap after GC invocations=8 (full 0):
 garbage-first heap   total 131072K, used 54426K [0x0000000701e00000, 0x0000000800000000)
  region size 2048K, 3 young (6144K), 3 survivors (6144K)
 Metaspace       used 23521K, committed 24000K, reserved 1114112K
  class space    used 3252K, committed 3520K, reserved 1048576K
}
Event: 802.198 GC heap before
{Heap before GC invocations=8 (full 0):
 garbage-first heap   total 131072K, used 95386K [0x0000000701e00000, 0x0000000800000000)
  region size 2048K, 24 young (49152K), 3 survivors (6144K)
 Metaspace       used 23633K, committed 24064K, reserved 1114112K
  class space    used 3253K, committed 3520K, reserved 1048576K
}
Event: 802.214 GC heap after
{Heap after GC invocations=9 (full 0):
 garbage-first heap   total 131072K, used 56238K [0x0000000701e00000, 0x0000000800000000)
  region size 2048K, 2 young (4096K), 2 survivors (4096K)
 Metaspace       used 23633K, committed 24064K, reserved 1114112K
  class space    used 3253K, committed 3520K, reserved 1048576K
}
Event: 817.485 GC heap before
{Heap before GC invocations=9 (full 0):
 garbage-first heap   total 131072K, used 95150K [0x0000000701e00000, 0x0000000800000000)
  region size 2048K, 22 young (45056K), 2 survivors (4096K)
 Metaspace       used 23736K, committed 24192K, reserved 1114112K
  class space    used 3254K, committed 3520K, reserved 1048576K
}
Event: 817.491 GC heap after
{Heap after GC invocations=10 (full 0):
 garbage-first heap   total 131072K, used 60765K [0x0000000701e00000, 0x0000000800000000)
  region size 2048K, 3 young (6144K), 3 survivors (6144K)
 Metaspace       used 23736K, committed 24192K, reserved 1114112K
  class space    used 3254K, committed 3520K, reserved 1048576K
}
Event: 1398.874 GC heap before
{Heap before GC invocations=10 (full 0):
 garbage-first heap   total 131072K, used 95581K [0x0000000701e00000, 0x0000000800000000)
  region size 2048K, 21 young (43008K), 3 survivors (6144K)
 Metaspace       used 23867K, committed 24320K, reserved 1114112K
  class space    used 3256K, committed 3520K, reserved 1048576K
}
Event: 1398.887 GC heap after
{Heap after GC invocations=11 (full 0):
 garbage-first heap   total 131072K, used 64220K [0x0000000701e00000, 0x0000000800000000)
  region size 2048K, 2 young (4096K), 2 survivors (4096K)
 Metaspace       used 23867K, committed 24320K, reserved 1114112K
  class space    used 3256K, committed 3520K, reserved 1048576K
}

