# JRE version: OpenJDK Runtime Environment Corretto-17.0.12.7.1 (17.0.12+7) (build 17.0.12+7-LTS)
# Java VM: OpenJDK 64-Bit Server VM Corretto-17.0.12.7.1 (17.0.12+7-LTS, mixed mode, sharing, tiered, compressed oops, compressed class ptrs, g1 gc, windows-amd64)
GC Precious Log:
 CPUs: 8 total, 8 available
 Memory: 7103M
 Large Page Support: Disabled
 NUMA Support: Disabled
 Compressed Oops: Enabled (32-bit)
 Heap Region Size: 1M
 Heap Min Capacity: 8M
 Heap Initial Capacity: 112M
 Heap Max Capacity: 1776M
 Pre-touch: Disabled
 Parallel Workers: 8
 Concurrent Workers: 2
 Concurrent Refinement Workers: 8
 Periodic GC: Disabled
Heap:
 garbage-first heap   total 114688K, used 54421K [0x0000000091000000, 0x0000000100000000)
  region size 1024K, 21 young (21504K), 2 survivors (2048K)
 Metaspace       used 28788K, committed 29120K, reserved 1114112K
  class space    used 3962K, committed 4096K, reserved 1048576K
GC Heap History (8 events):
Event: 2.138 GC heap before
{Heap before GC invocations=0 (full 0):
 garbage-first heap   total 114688K, used 22528K [0x0000000091000000, 0x0000000100000000)
  region size 1024K, 23 young (23552K), 0 survivors (0K)
 Metaspace       used 4588K, committed 4800K, reserved 1114112K
  class space    used 513K, committed 640K, reserved 1048576K
}
Event: 2.146 GC heap after
{Heap after GC invocations=1 (full 0):
 garbage-first heap   total 114688K, used 3151K [0x0000000091000000, 0x0000000100000000)
  region size 1024K, 3 young (3072K), 3 survivors (3072K)
 Metaspace       used 4588K, committed 4800K, reserved 1114112K
  class space    used 513K, committed 640K, reserved 1048576K
}
Event: 5.529 GC heap before
{Heap before GC invocations=1 (full 0):
 garbage-first heap   total 114688K, used 37967K [0x0000000091000000, 0x0000000100000000)
  region size 1024K, 34 young (34816K), 3 survivors (3072K)
 Metaspace       used 10747K, committed 11008K, reserved 1114112K
  class space    used 1423K, committed 1536K, reserved 1048576K
}
Event: 5.534 GC heap after
{Heap after GC invocations=2 (full 0):
 garbage-first heap   total 114688K, used 8035K [0x0000000091000000, 0x0000000100000000)
  region size 1024K, 3 young (3072K), 3 survivors (3072K)
 Metaspace       used 10747K, committed 11008K, reserved 1114112K
  class space    used 1423K, committed 1536K, reserved 1048576K
}
Event: 10.229 GC heap before
{Heap before GC invocations=2 (full 0):
 garbage-first heap   total 114688K, used 78691K [0x0000000091000000, 0x0000000100000000)
  region size 1024K, 53 young (54272K), 3 survivors (3072K)
 Metaspace       used 19568K, committed 19840K, reserved 1114112K
  class space    used 2938K, committed 3072K, reserved 1048576K
}
Event: 10.240 GC heap after
{Heap after GC invocations=3 (full 0):
 garbage-first heap   total 114688K, used 32360K [0x0000000091000000, 0x0000000100000000)
  region size 1024K, 7 young (7168K), 7 survivors (7168K)
 Metaspace       used 19568K, committed 19840K, reserved 1114112K
  class space    used 2938K, committed 3072K, reserved 1048576K
}
Event: 21.427 GC heap before
{Heap before GC invocations=3 (full 0):
 garbage-first heap   total 114688K, used 47720K [0x0000000091000000, 0x0000000100000000)
  region size 1024K, 23 young (23552K), 7 survivors (7168K)
 Metaspace       used 21219K, committed 21504K, reserved 1114112K
  class space    used 3092K, committed 3264K, reserved 1048576K
}
Event: 21.436 GC heap after
{Heap after GC invocations=4 (full 0):
 garbage-first heap   total 114688K, used 33941K [0x0000000091000000, 0x0000000100000000)
  region size 1024K, 2 young (2048K), 2 survivors (2048K)
 Metaspace       used 21219K, committed 21504K, reserved 1114112K
  class space    used 3092K, committed 3264K, reserved 1048576K
}

