# JRE version: OpenJDK Runtime Environment Corretto-17.0.13.11.1 (17.0.13+11) (build 17.0.13+11-LTS)
# Java VM: OpenJDK 64-Bit Server VM Corretto-17.0.13.11.1 (17.0.13+11-LTS, mixed mode, sharing, tiered, compressed oops, compressed class ptrs, g1 gc, windows-amd64)
GC Precious Log:
 CPUs: 8 total, 8 available
 Memory: 7103M
 Large Page Support: Disabled
 NUMA Support: Disabled
 Compressed Oops: Enabled (32-bit)
 Heap Region Size: 1M
 Heap Min Capacity: 8M
 Heap Initial Capacity: 112M
 Heap Max Capacity: 1776M
 Pre-touch: Disabled
 Parallel Workers: 8
 Concurrent Workers: 2
 Concurrent Refinement Workers: 8
 Periodic GC: Disabled
Heap:
 garbage-first heap   total 114688K, used 72330K [0x0000000091000000, 0x0000000100000000)
  region size 1024K, 27 young (27648K), 3 survivors (3072K)
 Metaspace       used 23168K, committed 23552K, reserved 1114112K
  class space    used 3214K, committed 3456K, reserved 1048576K
GC Heap History (10 events):
Event: 1.226 GC heap before
{Heap before GC invocations=0 (full 0):
 garbage-first heap   total 114688K, used 23552K [0x0000000091000000, 0x0000000100000000)
  region size 1024K, 23 young (23552K), 0 survivors (0K)
 Metaspace       used 4578K, committed 4800K, reserved 1114112K
  class space    used 515K, committed 640K, reserved 1048576K
}
Event: 1.230 GC heap after
{Heap after GC invocations=1 (full 0):
 garbage-first heap   total 114688K, used 3093K [0x0000000091000000, 0x0000000100000000)
  region size 1024K, 3 young (3072K), 3 survivors (3072K)
 Metaspace       used 4578K, committed 4800K, reserved 1114112K
  class space    used 515K, committed 640K, reserved 1048576K
}
Event: 4.536 GC heap before
{Heap before GC invocations=1 (full 0):
 garbage-first heap   total 114688K, used 38933K [0x0000000091000000, 0x0000000100000000)
  region size 1024K, 35 young (35840K), 3 survivors (3072K)
 Metaspace       used 10488K, committed 10688K, reserved 1114112K
  class space    used 1370K, committed 1472K, reserved 1048576K
}
Event: 4.551 GC heap after
{Heap after GC invocations=2 (full 0):
 garbage-first heap   total 114688K, used 8231K [0x0000000091000000, 0x0000000100000000)
  region size 1024K, 4 young (4096K), 4 survivors (4096K)
 Metaspace       used 10488K, committed 10688K, reserved 1114112K
  class space    used 1370K, committed 1472K, reserved 1048576K
}
Event: 13.767 GC heap before
{Heap before GC invocations=2 (full 0):
 garbage-first heap   total 114688K, used 86055K [0x0000000091000000, 0x0000000100000000)
  region size 1024K, 62 young (63488K), 4 survivors (4096K)
 Metaspace       used 21248K, committed 21504K, reserved 1114112K
  class space    used 3096K, committed 3264K, reserved 1048576K
}
Event: 13.784 GC heap after
{Heap after GC invocations=3 (full 0):
 garbage-first heap   total 114688K, used 33291K [0x0000000091000000, 0x0000000100000000)
  region size 1024K, 9 young (9216K), 9 survivors (9216K)
 Metaspace       used 21248K, committed 21504K, reserved 1114112K
  class space    used 3096K, committed 3264K, reserved 1048576K
}
Event: 50.564 GC heap before
{Heap before GC invocations=4 (full 0):
 garbage-first heap   total 114688K, used 89611K [0x0000000091000000, 0x0000000100000000)
  region size 1024K, 55 young (56320K), 9 survivors (9216K)
 Metaspace       used 22600K, committed 22912K, reserved 1114112K
  class space    used 3197K, committed 3392K, reserved 1048576K
}
Event: 50.584 GC heap after
{Heap after GC invocations=5 (full 0):
 garbage-first heap   total 114688K, used 42756K [0x0000000091000000, 0x0000000100000000)
  region size 1024K, 7 young (7168K), 7 survivors (7168K)
 Metaspace       used 22600K, committed 22912K, reserved 1114112K
  class space    used 3197K, committed 3392K, reserved 1048576K
}
Event: 100.520 GC heap before
{Heap before GC invocations=5 (full 0):
 garbage-first heap   total 114688K, used 88836K [0x0000000091000000, 0x0000000100000000)
  region size 1024K, 47 young (48128K), 7 survivors (7168K)
 Metaspace       used 23055K, committed 23488K, reserved 1114112K
  class space    used 3212K, committed 3456K, reserved 1048576K
}
Event: 100.529 GC heap after
{Heap after GC invocations=6 (full 0):
 garbage-first heap   total 114688K, used 44682K [0x0000000091000000, 0x0000000100000000)
  region size 1024K, 3 young (3072K), 3 survivors (3072K)
 Metaspace       used 23055K, committed 23488K, reserved 1114112K
  class space    used 3212K, committed 3456K, reserved 1048576K
}

