# JRE version: OpenJDK Runtime Environment Corretto-17.0.13.11.1 (17.0.13+11) (build 17.0.13+11-LTS)
# Java VM: OpenJDK 64-Bit Server VM Corretto-17.0.13.11.1 (17.0.13+11-LTS, mixed mode, sharing, tiered, compressed oops, compressed class ptrs, g1 gc, windows-amd64)
GC Precious Log:
 CPUs: 8 total, 8 available
 Memory: 7103M
 Large Page Support: Disabled
 NUMA Support: Disabled
 Compressed Oops: Enabled (32-bit)
 Heap Region Size: 1M
 Heap Min Capacity: 8M
 Heap Initial Capacity: 112M
 Heap Max Capacity: 1776M
 Pre-touch: Disabled
 Parallel Workers: 8
 Concurrent Workers: 2
 Concurrent Refinement Workers: 8
 Periodic GC: Disabled
Heap:
 garbage-first heap   total 114688K, used 74166K [0x0000000091000000, 0x0000000100000000)
  region size 1024K, 32 young (32768K), 6 survivors (6144K)
 Metaspace       used 23072K, committed 23488K, reserved 1114112K
  class space    used 3226K, committed 3456K, reserved 1048576K
GC Heap History (8 events):
Event: 1.534 GC heap before
{Heap before GC invocations=0 (full 0):
 garbage-first heap   total 114688K, used 22528K [0x0000000091000000, 0x0000000100000000)
  region size 1024K, 23 young (23552K), 0 survivors (0K)
 Metaspace       used 4572K, committed 4800K, reserved 1114112K
  class space    used 515K, committed 640K, reserved 1048576K
}
Event: 1.539 GC heap after
{Heap after GC invocations=1 (full 0):
 garbage-first heap   total 114688K, used 3162K [0x0000000091000000, 0x0000000100000000)
  region size 1024K, 3 young (3072K), 3 survivors (3072K)
 Metaspace       used 4572K, committed 4800K, reserved 1114112K
  class space    used 515K, committed 640K, reserved 1048576K
}
Event: 4.851 GC heap before
{Heap before GC invocations=1 (full 0):
 garbage-first heap   total 114688K, used 39002K [0x0000000091000000, 0x0000000100000000)
  region size 1024K, 35 young (35840K), 3 survivors (3072K)
 Metaspace       used 10420K, committed 10624K, reserved 1114112K
  class space    used 1367K, committed 1472K, reserved 1048576K
}
Event: 4.866 GC heap after
{Heap after GC invocations=2 (full 0):
 garbage-first heap   total 114688K, used 8330K [0x0000000091000000, 0x0000000100000000)
  region size 1024K, 4 young (4096K), 4 survivors (4096K)
 Metaspace       used 10420K, committed 10624K, reserved 1114112K
  class space    used 1367K, committed 1472K, reserved 1048576K
}
Event: 13.355 GC heap before
{Heap before GC invocations=2 (full 0):
 garbage-first heap   total 114688K, used 85130K [0x0000000091000000, 0x0000000100000000)
  region size 1024K, 62 young (63488K), 4 survivors (4096K)
 Metaspace       used 21254K, committed 21504K, reserved 1114112K
  class space    used 3095K, committed 3264K, reserved 1048576K
}
Event: 13.368 GC heap after
{Heap after GC invocations=3 (full 0):
 garbage-first heap   total 114688K, used 33464K [0x0000000091000000, 0x0000000100000000)
  region size 1024K, 9 young (9216K), 9 survivors (9216K)
 Metaspace       used 21254K, committed 21504K, reserved 1114112K
  class space    used 3095K, committed 3264K, reserved 1048576K
}
Event: 54.767 GC heap before
{Heap before GC invocations=4 (full 0):
 garbage-first heap   total 114688K, used 88760K [0x0000000091000000, 0x0000000100000000)
  region size 1024K, 54 young (55296K), 9 survivors (9216K)
 Metaspace       used 22619K, committed 22976K, reserved 1114112K
  class space    used 3208K, committed 3392K, reserved 1048576K
}
Event: 54.782 GC heap after
{Heap after GC invocations=5 (full 0):
 garbage-first heap   total 114688K, used 42422K [0x0000000091000000, 0x0000000100000000)
  region size 1024K, 6 young (6144K), 6 survivors (6144K)
 Metaspace       used 22619K, committed 22976K, reserved 1114112K
  class space    used 3208K, committed 3392K, reserved 1048576K
}

