# JRE version: OpenJDK Runtime Environment Corretto-17.0.13.11.1 (17.0.13+11) (build 17.0.13+11-LTS)
# Java VM: OpenJDK 64-Bit Server VM Corretto-17.0.13.11.1 (17.0.13+11-LTS, mixed mode, sharing, tiered, compressed oops, compressed class ptrs, g1 gc, windows-amd64)
GC Precious Log:
 CPUs: 8 total, 8 available
 Memory: 7103M
 Large Page Support: Disabled
 NUMA Support: Disabled
 Compressed Oops: Enabled (32-bit)
 Heap Region Size: 1M
 Heap Min Capacity: 8M
 Heap Initial Capacity: 112M
 Heap Max Capacity: 1776M
 Pre-touch: Disabled
 Parallel Workers: 8
 Concurrent Workers: 2
 Concurrent Refinement Workers: 8
 Periodic GC: Disabled
Heap:
 garbage-first heap   total 114688K, used 69968K [0x0000000091000000, 0x0000000100000000)
  region size 1024K, 7 young (7168K), 2 survivors (2048K)
 Metaspace       used 25160K, committed 25600K, reserved 1114112K
  class space    used 3500K, committed 3712K, reserved 1048576K
GC Heap History (20 events):
Event: 428.103 GC heap before
{Heap before GC invocations=34 (full 0):
 garbage-first heap   total 114688K, used 86070K [0x0000000091000000, 0x0000000100000000)
  region size 1024K, 26 young (26624K), 2 survivors (2048K)
 Metaspace       used 25083K, committed 25472K, reserved 1114112K
  class space    used 3497K, committed 3712K, reserved 1048576K
}
Event: 428.107 GC heap after
{Heap after GC invocations=35 (full 0):
 garbage-first heap   total 114688K, used 60701K [0x0000000091000000, 0x0000000100000000)
  region size 1024K, 2 young (2048K), 2 survivors (2048K)
 Metaspace       used 25083K, committed 25472K, reserved 1114112K
  class space    used 3497K, committed 3712K, reserved 1048576K
}
Event: 428.564 GC heap before
{Heap before GC invocations=35 (full 0):
 garbage-first heap   total 114688K, used 75037K [0x0000000091000000, 0x0000000100000000)
  region size 1024K, 17 young (17408K), 2 survivors (2048K)
 Metaspace       used 25084K, committed 25472K, reserved 1114112K
  class space    used 3497K, committed 3712K, reserved 1048576K
}
Event: 428.566 GC heap after
{Heap after GC invocations=36 (full 0):
 garbage-first heap   total 114688K, used 61023K [0x0000000091000000, 0x0000000100000000)
  region size 1024K, 2 young (2048K), 2 survivors (2048K)
 Metaspace       used 25084K, committed 25472K, reserved 1114112K
  class space    used 3497K, committed 3712K, reserved 1048576K
}
Event: 428.631 GC heap before
{Heap before GC invocations=37 (full 0):
 garbage-first heap   total 114688K, used 63071K [0x0000000091000000, 0x0000000100000000)
  region size 1024K, 4 young (4096K), 2 survivors (2048K)
 Metaspace       used 25089K, committed 25472K, reserved 1114112K
  class space    used 3497K, committed 3712K, reserved 1048576K
}
Event: 428.635 GC heap after
{Heap after GC invocations=38 (full 0):
 garbage-first heap   total 114688K, used 62709K [0x0000000091000000, 0x0000000100000000)
  region size 1024K, 3 young (3072K), 3 survivors (3072K)
 Metaspace       used 25089K, committed 25472K, reserved 1114112K
  class space    used 3497K, committed 3712K, reserved 1048576K
}
Event: 431.708 GC heap before
{Heap before GC invocations=39 (full 0):
 garbage-first heap   total 114688K, used 68853K [0x0000000091000000, 0x0000000100000000)
  region size 1024K, 9 young (9216K), 3 survivors (3072K)
 Metaspace       used 25108K, committed 25472K, reserved 1114112K
  class space    used 3498K, committed 3712K, reserved 1048576K
}
Event: 431.711 GC heap after
{Heap after GC invocations=40 (full 0):
 garbage-first heap   total 114688K, used 61350K [0x0000000091000000, 0x0000000100000000)
  region size 1024K, 2 young (2048K), 2 survivors (2048K)
 Metaspace       used 25108K, committed 25472K, reserved 1114112K
  class space    used 3498K, committed 3712K, reserved 1048576K
}
Event: 436.208 GC heap before
{Heap before GC invocations=41 (full 0):
 garbage-first heap   total 114688K, used 90022K [0x0000000091000000, 0x0000000100000000)
  region size 1024K, 28 young (28672K), 2 survivors (2048K)
 Metaspace       used 25122K, committed 25536K, reserved 1114112K
  class space    used 3498K, committed 3712K, reserved 1048576K
}
Event: 436.211 GC heap after
{Heap after GC invocations=42 (full 0):
 garbage-first heap   total 114688K, used 62923K [0x0000000091000000, 0x0000000100000000)
  region size 1024K, 3 young (3072K), 3 survivors (3072K)
 Metaspace       used 25122K, committed 25536K, reserved 1114112K
  class space    used 3498K, committed 3712K, reserved 1048576K
}
Event: 437.690 GC heap before
{Heap before GC invocations=42 (full 0):
 garbage-first heap   total 114688K, used 89547K [0x0000000091000000, 0x0000000100000000)
  region size 1024K, 29 young (29696K), 3 survivors (3072K)
 Metaspace       used 25123K, committed 25536K, reserved 1114112K
  class space    used 3498K, committed 3712K, reserved 1048576K
}
Event: 437.692 GC heap after
{Heap after GC invocations=43 (full 0):
 garbage-first heap   total 114688K, used 62848K [0x0000000091000000, 0x0000000100000000)
  region size 1024K, 3 young (3072K), 3 survivors (3072K)
 Metaspace       used 25123K, committed 25536K, reserved 1114112K
  class space    used 3498K, committed 3712K, reserved 1048576K
}
Event: 438.289 GC heap before
{Heap before GC invocations=44 (full 0):
 garbage-first heap   total 114688K, used 73088K [0x0000000091000000, 0x0000000100000000)
  region size 1024K, 14 young (14336K), 3 survivors (3072K)
 Metaspace       used 25128K, committed 25536K, reserved 1114112K
  class space    used 3498K, committed 3712K, reserved 1048576K
}
Event: 438.292 GC heap after
{Heap after GC invocations=45 (full 0):
 garbage-first heap   total 114688K, used 63351K [0x0000000091000000, 0x0000000100000000)
  region size 1024K, 3 young (3072K), 3 survivors (3072K)
 Metaspace       used 25128K, committed 25536K, reserved 1114112K
  class space    used 3498K, committed 3712K, reserved 1048576K
}
Event: 438.375 GC heap before
{Heap before GC invocations=46 (full 0):
 garbage-first heap   total 114688K, used 66423K [0x0000000091000000, 0x0000000100000000)
  region size 1024K, 6 young (6144K), 3 survivors (3072K)
 Metaspace       used 25129K, committed 25536K, reserved 1114112K
  class space    used 3498K, committed 3712K, reserved 1048576K
}
Event: 438.379 GC heap after
{Heap after GC invocations=47 (full 0):
 garbage-first heap   total 114688K, used 65051K [0x0000000091000000, 0x0000000100000000)
  region size 1024K, 3 young (3072K), 3 survivors (3072K)
 Metaspace       used 25129K, committed 25536K, reserved 1114112K
  class space    used 3498K, committed 3712K, reserved 1048576K
}
Event: 441.577 GC heap before
{Heap before GC invocations=48 (full 0):
 garbage-first heap   total 114688K, used 71195K [0x0000000091000000, 0x0000000100000000)
  region size 1024K, 9 young (9216K), 3 survivors (3072K)
 Metaspace       used 25137K, committed 25600K, reserved 1114112K
  class space    used 3498K, committed 3712K, reserved 1048576K
}
Event: 441.581 GC heap after
{Heap after GC invocations=49 (full 0):
 garbage-first heap   total 114688K, used 63526K [0x0000000091000000, 0x0000000100000000)
  region size 1024K, 2 young (2048K), 2 survivors (2048K)
 Metaspace       used 25137K, committed 25600K, reserved 1114112K
  class space    used 3498K, committed 3712K, reserved 1048576K
}
Event: 441.651 GC heap before
{Heap before GC invocations=50 (full 0):
 garbage-first heap   total 114688K, used 65574K [0x0000000091000000, 0x0000000100000000)
  region size 1024K, 4 young (4096K), 2 survivors (2048K)
 Metaspace       used 25146K, committed 25600K, reserved 1114112K
  class space    used 3498K, committed 3712K, reserved 1048576K
}
Event: 441.654 GC heap after
{Heap after GC invocations=51 (full 0):
 garbage-first heap   total 114688K, used 64848K [0x0000000091000000, 0x0000000100000000)
  region size 1024K, 2 young (2048K), 2 survivors (2048K)
 Metaspace       used 25146K, committed 25600K, reserved 1114112K
  class space    used 3498K, committed 3712K, reserved 1048576K
}

