# JRE version: OpenJDK Runtime Environment Corretto-17.0.13.11.1 (17.0.13+11) (build 17.0.13+11-LTS)
# Java VM: OpenJDK 64-Bit Server VM Corretto-17.0.13.11.1 (17.0.13+11-LTS, mixed mode, sharing, tiered, compressed oops, compressed class ptrs, g1 gc, windows-amd64)
GC Precious Log:
 CPUs: 8 total, 8 available
 Memory: 7103M
 Large Page Support: Disabled
 NUMA Support: Disabled
 Compressed Oops: Enabled (32-bit)
 Heap Region Size: 1M
 Heap Min Capacity: 8M
 Heap Initial Capacity: 112M
 Heap Max Capacity: 1776M
 Pre-touch: Disabled
 Parallel Workers: 8
 Concurrent Workers: 2
 Concurrent Refinement Workers: 8
 Periodic GC: Disabled
Heap:
 garbage-first heap   total 114688K, used 62416K [0x0000000091000000, 0x0000000100000000)
  region size 1024K, 9 young (9216K), 3 survivors (3072K)
 Metaspace       used 24552K, committed 24896K, reserved 1114112K
  class space    used 3434K, committed 3648K, reserved 1048576K
GC Heap History (20 events):
Event: 42.422 GC heap before
{Heap before GC invocations=5 (full 0):
 garbage-first heap   total 114688K, used 42101K [0x0000000091000000, 0x0000000100000000)
  region size 1024K, 7 young (7168K), 6 survivors (6144K)
 Metaspace       used 23354K, committed 23680K, reserved 1114112K
  class space    used 3393K, committed 3584K, reserved 1048576K
}
Event: 42.435 GC heap after
{Heap after GC invocations=6 (full 0):
 garbage-first heap   total 114688K, used 40880K [0x0000000091000000, 0x0000000100000000)
  region size 1024K, 1 young (1024K), 1 survivors (1024K)
 Metaspace       used 23354K, committed 23680K, reserved 1114112K
  class space    used 3393K, committed 3584K, reserved 1048576K
}
Event: 70.529 GC heap before
{Heap before GC invocations=6 (full 0):
 garbage-first heap   total 114688K, used 94128K [0x0000000091000000, 0x0000000100000000)
  region size 1024K, 43 young (44032K), 1 survivors (1024K)
 Metaspace       used 23870K, committed 24192K, reserved 1114112K
  class space    used 3397K, committed 3584K, reserved 1048576K
}
Event: 70.537 GC heap after
{Heap after GC invocations=7 (full 0):
 garbage-first heap   total 114688K, used 48279K [0x0000000091000000, 0x0000000100000000)
  region size 1024K, 6 young (6144K), 6 survivors (6144K)
 Metaspace       used 23870K, committed 24192K, reserved 1114112K
  class space    used 3397K, committed 3584K, reserved 1048576K
}
Event: 91.515 GC heap before
{Heap before GC invocations=7 (full 0):
 garbage-first heap   total 114688K, used 94359K [0x0000000091000000, 0x0000000100000000)
  region size 1024K, 43 young (44032K), 6 survivors (6144K)
 Metaspace       used 24146K, committed 24448K, reserved 1114112K
  class space    used 3400K, committed 3584K, reserved 1048576K
}
Event: 91.523 GC heap after
{Heap after GC invocations=8 (full 0):
 garbage-first heap   total 114688K, used 53523K [0x0000000091000000, 0x0000000100000000)
  region size 1024K, 4 young (4096K), 4 survivors (4096K)
 Metaspace       used 24146K, committed 24448K, reserved 1114112K
  class space    used 3400K, committed 3584K, reserved 1048576K
}
Event: 91.600 GC heap before
{Heap before GC invocations=8 (full 0):
 garbage-first heap   total 114688K, used 56595K [0x0000000091000000, 0x0000000100000000)
  region size 1024K, 7 young (7168K), 4 survivors (4096K)
 Metaspace       used 24157K, committed 24448K, reserved 1114112K
  class space    used 3400K, committed 3584K, reserved 1048576K
}
Event: 91.604 GC heap after
{Heap after GC invocations=9 (full 0):
 garbage-first heap   total 114688K, used 54808K [0x0000000091000000, 0x0000000100000000)
  region size 1024K, 1 young (1024K), 1 survivors (1024K)
 Metaspace       used 24157K, committed 24448K, reserved 1114112K
  class space    used 3400K, committed 3584K, reserved 1048576K
}
Event: 95.011 GC heap before
{Heap before GC invocations=10 (full 0):
 garbage-first heap   total 114688K, used 58904K [0x0000000091000000, 0x0000000100000000)
  region size 1024K, 7 young (7168K), 1 survivors (1024K)
 Metaspace       used 24222K, committed 24512K, reserved 1114112K
  class space    used 3401K, committed 3584K, reserved 1048576K
}
Event: 95.015 GC heap after
{Heap after GC invocations=11 (full 0):
 garbage-first heap   total 114688K, used 53344K [0x0000000091000000, 0x0000000100000000)
  region size 1024K, 2 young (2048K), 2 survivors (2048K)
 Metaspace       used 24222K, committed 24512K, reserved 1114112K
  class space    used 3401K, committed 3584K, reserved 1048576K
}
Event: 95.082 GC heap before
{Heap before GC invocations=12 (full 0):
 garbage-first heap   total 114688K, used 56416K [0x0000000091000000, 0x0000000100000000)
  region size 1024K, 5 young (5120K), 2 survivors (2048K)
 Metaspace       used 24226K, committed 24512K, reserved 1114112K
  class space    used 3401K, committed 3584K, reserved 1048576K
}
Event: 95.086 GC heap after
{Heap after GC invocations=13 (full 0):
 garbage-first heap   total 114688K, used 54920K [0x0000000091000000, 0x0000000100000000)
  region size 1024K, 3 young (3072K), 3 survivors (3072K)
 Metaspace       used 24226K, committed 24512K, reserved 1114112K
  class space    used 3401K, committed 3584K, reserved 1048576K
}
Event: 124.202 GC heap before
{Heap before GC invocations=14 (full 0):
 garbage-first heap   total 114688K, used 66184K [0x0000000091000000, 0x0000000100000000)
  region size 1024K, 14 young (14336K), 3 survivors (3072K)
 Metaspace       used 24322K, committed 24704K, reserved 1114112K
  class space    used 3405K, committed 3584K, reserved 1048576K
}
Event: 124.205 GC heap after
{Heap after GC invocations=15 (full 0):
 garbage-first heap   total 114688K, used 55772K [0x0000000091000000, 0x0000000100000000)
  region size 1024K, 3 young (3072K), 3 survivors (3072K)
 Metaspace       used 24322K, committed 24704K, reserved 1114112K
  class space    used 3405K, committed 3584K, reserved 1048576K
}
Event: 124.273 GC heap before
{Heap before GC invocations=16 (full 0):
 garbage-first heap   total 114688K, used 57820K [0x0000000091000000, 0x0000000100000000)
  region size 1024K, 5 young (5120K), 3 survivors (3072K)
 Metaspace       used 24328K, committed 24704K, reserved 1114112K
  class space    used 3405K, committed 3584K, reserved 1048576K
}
Event: 124.277 GC heap after
{Heap after GC invocations=17 (full 0):
 garbage-first heap   total 114688K, used 57164K [0x0000000091000000, 0x0000000100000000)
  region size 1024K, 3 young (3072K), 3 survivors (3072K)
 Metaspace       used 24328K, committed 24704K, reserved 1114112K
  class space    used 3405K, committed 3584K, reserved 1048576K
}
Event: 135.706 GC heap before
{Heap before GC invocations=18 (full 0):
 garbage-first heap   total 114688K, used 65356K [0x0000000091000000, 0x0000000100000000)
  region size 1024K, 11 young (11264K), 3 survivors (3072K)
 Metaspace       used 24522K, committed 24896K, reserved 1114112K
  class space    used 3433K, committed 3648K, reserved 1048576K
}
Event: 135.709 GC heap after
{Heap after GC invocations=19 (full 0):
 garbage-first heap   total 114688K, used 56139K [0x0000000091000000, 0x0000000100000000)
  region size 1024K, 2 young (2048K), 2 survivors (2048K)
 Metaspace       used 24522K, committed 24896K, reserved 1114112K
  class space    used 3433K, committed 3648K, reserved 1048576K
}
Event: 135.785 GC heap before
{Heap before GC invocations=20 (full 0):
 garbage-first heap   total 114688K, used 58187K [0x0000000091000000, 0x0000000100000000)
  region size 1024K, 4 young (4096K), 2 survivors (2048K)
 Metaspace       used 24528K, committed 24896K, reserved 1114112K
  class space    used 3433K, committed 3648K, reserved 1048576K
}
Event: 135.789 GC heap after
{Heap after GC invocations=21 (full 0):
 garbage-first heap   total 114688K, used 57296K [0x0000000091000000, 0x0000000100000000)
  region size 1024K, 3 young (3072K), 3 survivors (3072K)
 Metaspace       used 24528K, committed 24896K, reserved 1114112K
  class space    used 3433K, committed 3648K, reserved 1048576K
}

