# JRE version: OpenJDK Runtime Environment Corretto-17.0.13.11.1 (17.0.13+11) (build 17.0.13+11-LTS)
# Java VM: OpenJDK 64-Bit Server VM Corretto-17.0.13.11.1 (17.0.13+11-LTS, mixed mode, sharing, tiered, compressed oops, compressed class ptrs, g1 gc, windows-amd64)
GC Precious Log:
 CPUs: 8 total, 8 available
 Memory: 7103M
 Large Page Support: Disabled
 NUMA Support: Disabled
 Compressed Oops: Enabled (32-bit)
 Heap Region Size: 1M
 Heap Min Capacity: 8M
 Heap Initial Capacity: 112M
 Heap Max Capacity: 1776M
 Pre-touch: Disabled
 Parallel Workers: 8
 Concurrent Workers: 2
 Concurrent Refinement Workers: 8
 Periodic GC: Disabled
Heap:
 garbage-first heap   total 114688K, used 37655K [0x0000000091000000, 0x0000000100000000)
  region size 1024K, 14 young (14336K), 9 survivors (9216K)
 Metaspace       used 21605K, committed 22016K, reserved 1114112K
  class space    used 3176K, committed 3392K, reserved 1048576K
GC Heap History (6 events):
Event: 2.124 GC heap before
{Heap before GC invocations=0 (full 0):
 garbage-first heap   total 114688K, used 23552K [0x0000000091000000, 0x0000000100000000)
  region size 1024K, 23 young (23552K), 0 survivors (0K)
 Metaspace       used 4570K, committed 4800K, reserved 1114112K
  class space    used 513K, committed 640K, reserved 1048576K
}
Event: 2.129 GC heap after
{Heap after GC invocations=1 (full 0):
 garbage-first heap   total 114688K, used 3029K [0x0000000091000000, 0x0000000100000000)
  region size 1024K, 3 young (3072K), 3 survivors (3072K)
 Metaspace       used 4570K, committed 4800K, reserved 1114112K
  class space    used 513K, committed 640K, reserved 1048576K
}
Event: 5.503 GC heap before
{Heap before GC invocations=1 (full 0):
 garbage-first heap   total 114688K, used 39893K [0x0000000091000000, 0x0000000100000000)
  region size 1024K, 36 young (36864K), 3 survivors (3072K)
 Metaspace       used 10751K, committed 11008K, reserved 1114112K
  class space    used 1423K, committed 1536K, reserved 1048576K
}
Event: 5.523 GC heap after
{Heap after GC invocations=2 (full 0):
 garbage-first heap   total 114688K, used 8428K [0x0000000091000000, 0x0000000100000000)
  region size 1024K, 4 young (4096K), 4 survivors (4096K)
 Metaspace       used 10751K, committed 11008K, reserved 1114112K
  class space    used 1423K, committed 1536K, reserved 1048576K
}
Event: 13.710 GC heap before
{Heap before GC invocations=2 (full 0):
 garbage-first heap   total 114688K, used 86252K [0x0000000091000000, 0x0000000100000000)
  region size 1024K, 62 young (63488K), 4 survivors (4096K)
 Metaspace       used 21225K, committed 21504K, reserved 1114112K
  class space    used 3087K, committed 3264K, reserved 1048576K
}
Event: 13.723 GC heap after
{Heap after GC invocations=3 (full 0):
 garbage-first heap   total 114688K, used 33559K [0x0000000091000000, 0x0000000100000000)
  region size 1024K, 9 young (9216K), 9 survivors (9216K)
 Metaspace       used 21225K, committed 21504K, reserved 1114112K
  class space    used 3087K, committed 3264K, reserved 1048576K
}

