# JRE version: OpenJDK Runtime Environment Corretto-17.0.13.11.1 (17.0.13+11) (build 17.0.13+11-LTS)
# Java VM: OpenJDK 64-Bit Server VM Corretto-17.0.13.11.1 (17.0.13+11-LTS, mixed mode, sharing, tiered, compressed oops, compressed class ptrs, g1 gc, windows-amd64)
GC Precious Log:
 CPUs: 8 total, 8 available
 Memory: 7103M
 Large Page Support: Disabled
 NUMA Support: Disabled
 Compressed Oops: Enabled (32-bit)
 Heap Region Size: 1M
 Heap Min Capacity: 8M
 Heap Initial Capacity: 112M
 Heap Max Capacity: 1776M
 Pre-touch: Disabled
 Parallel Workers: 8
 Concurrent Workers: 2
 Concurrent Refinement Workers: 8
 Periodic GC: Disabled
Heap:
 garbage-first heap   total 114688K, used 65575K [0x0000000091000000, 0x0000000100000000)
  region size 1024K, 21 young (21504K), 4 survivors (4096K)
 Metaspace       used 23353K, committed 23744K, reserved 1114112K
  class space    used 3233K, committed 3456K, reserved 1048576K
GC Heap History (10 events):
Event: 1.055 GC heap before
{Heap before GC invocations=0 (full 0):
 garbage-first heap   total 114688K, used 22528K [0x0000000091000000, 0x0000000100000000)
  region size 1024K, 23 young (23552K), 0 survivors (0K)
 Metaspace       used 4576K, committed 4800K, reserved 1114112K
  class space    used 515K, committed 640K, reserved 1048576K
}
Event: 1.059 GC heap after
{Heap after GC invocations=1 (full 0):
 garbage-first heap   total 114688K, used 2986K [0x0000000091000000, 0x0000000100000000)
  region size 1024K, 3 young (3072K), 3 survivors (3072K)
 Metaspace       used 4576K, committed 4800K, reserved 1114112K
  class space    used 515K, committed 640K, reserved 1048576K
}
Event: 4.305 GC heap before
{Heap before GC invocations=1 (full 0):
 garbage-first heap   total 114688K, used 39850K [0x0000000091000000, 0x0000000100000000)
  region size 1024K, 36 young (36864K), 3 survivors (3072K)
 Metaspace       used 10762K, committed 11008K, reserved 1114112K
  class space    used 1427K, committed 1536K, reserved 1048576K
}
Event: 4.313 GC heap after
{Heap after GC invocations=2 (full 0):
 garbage-first heap   total 114688K, used 8259K [0x0000000091000000, 0x0000000100000000)
  region size 1024K, 4 young (4096K), 4 survivors (4096K)
 Metaspace       used 10762K, committed 11008K, reserved 1114112K
  class space    used 1427K, committed 1536K, reserved 1048576K
}
Event: 15.023 GC heap before
{Heap before GC invocations=2 (full 0):
 garbage-first heap   total 114688K, used 87107K [0x0000000091000000, 0x0000000100000000)
  region size 1024K, 63 young (64512K), 4 survivors (4096K)
 Metaspace       used 21236K, committed 21504K, reserved 1114112K
  class space    used 3076K, committed 3264K, reserved 1048576K
}
Event: 15.038 GC heap after
{Heap after GC invocations=3 (full 0):
 garbage-first heap   total 114688K, used 33354K [0x0000000091000000, 0x0000000100000000)
  region size 1024K, 9 young (9216K), 9 survivors (9216K)
 Metaspace       used 21236K, committed 21504K, reserved 1114112K
  class space    used 3076K, committed 3264K, reserved 1048576K
}
Event: 61.969 GC heap before
{Heap before GC invocations=4 (full 0):
 garbage-first heap   total 114688K, used 90698K [0x0000000091000000, 0x0000000100000000)
  region size 1024K, 55 young (56320K), 9 survivors (9216K)
 Metaspace       used 22690K, committed 23040K, reserved 1114112K
  class space    used 3215K, committed 3392K, reserved 1048576K
}
Event: 61.987 GC heap after
{Heap after GC invocations=5 (full 0):
 garbage-first heap   total 114688K, used 42299K [0x0000000091000000, 0x0000000100000000)
  region size 1024K, 6 young (6144K), 6 survivors (6144K)
 Metaspace       used 22690K, committed 23040K, reserved 1114112K
  class space    used 3215K, committed 3392K, reserved 1048576K
}
Event: 105.384 GC heap before
{Heap before GC invocations=5 (full 0):
 garbage-first heap   total 114688K, used 91451K [0x0000000091000000, 0x0000000100000000)
  region size 1024K, 47 young (48128K), 6 survivors (6144K)
 Metaspace       used 23283K, committed 23744K, reserved 1114112K
  class space    used 3231K, committed 3456K, reserved 1048576K
}
Event: 105.391 GC heap after
{Heap after GC invocations=6 (full 0):
 garbage-first heap   total 114688K, used 47143K [0x0000000091000000, 0x0000000100000000)
  region size 1024K, 4 young (4096K), 4 survivors (4096K)
 Metaspace       used 23283K, committed 23744K, reserved 1114112K
  class space    used 3231K, committed 3456K, reserved 1048576K
}

