# JRE version: OpenJDK Runtime Environment Corretto-17.0.13.11.1 (17.0.13+11) (build 17.0.13+11-LTS)
# Java VM: OpenJDK 64-Bit Server VM Corretto-17.0.13.11.1 (17.0.13+11-LTS, mixed mode, sharing, tiered, compressed oops, compressed class ptrs, g1 gc, windows-amd64)
GC Precious Log:
 CPUs: 8 total, 8 available
 Memory: 7103M
 Large Page Support: Disabled
 NUMA Support: Disabled
 Compressed Oops: Enabled (32-bit)
 Heap Region Size: 1M
 Heap Min Capacity: 8M
 Heap Initial Capacity: 112M
 Heap Max Capacity: 1776M
 Pre-touch: Disabled
 Parallel Workers: 8
 Concurrent Workers: 2
 Concurrent Refinement Workers: 8
 Periodic GC: Disabled
Heap:
 garbage-first heap   total 114688K, used 55070K [0x0000000091000000, 0x0000000100000000)
  region size 1024K, 12 young (12288K), 1 survivors (1024K)
 Metaspace       used 22916K, committed 23296K, reserved 1114112K
  class space    used 3226K, committed 3456K, reserved 1048576K
GC Heap History (10 events):
Event: 5.282 GC heap before
{Heap before GC invocations=0 (full 0):
 garbage-first heap   total 114688K, used 23552K [0x0000000091000000, 0x0000000100000000)
  region size 1024K, 23 young (23552K), 0 survivors (0K)
 Metaspace       used 4574K, committed 4800K, reserved 1114112K
  class space    used 513K, committed 640K, reserved 1048576K
}
Event: 5.286 GC heap after
{Heap after GC invocations=1 (full 0):
 garbage-first heap   total 114688K, used 3289K [0x0000000091000000, 0x0000000100000000)
  region size 1024K, 3 young (3072K), 3 survivors (3072K)
 Metaspace       used 4574K, committed 4800K, reserved 1114112K
  class space    used 513K, committed 640K, reserved 1048576K
}
Event: 8.336 GC heap before
{Heap before GC invocations=1 (full 0):
 garbage-first heap   total 114688K, used 40153K [0x0000000091000000, 0x0000000100000000)
  region size 1024K, 36 young (36864K), 3 survivors (3072K)
 Metaspace       used 10737K, committed 11008K, reserved 1114112K
  class space    used 1425K, committed 1536K, reserved 1048576K
}
Event: 8.344 GC heap after
{Heap after GC invocations=2 (full 0):
 garbage-first heap   total 114688K, used 8518K [0x0000000091000000, 0x0000000100000000)
  region size 1024K, 4 young (4096K), 4 survivors (4096K)
 Metaspace       used 10737K, committed 11008K, reserved 1114112K
  class space    used 1425K, committed 1536K, reserved 1048576K
}
Event: 21.818 GC heap before
{Heap before GC invocations=2 (full 0):
 garbage-first heap   total 114688K, used 86342K [0x0000000091000000, 0x0000000100000000)
  region size 1024K, 62 young (63488K), 4 survivors (4096K)
 Metaspace       used 21204K, committed 21504K, reserved 1114112K
  class space    used 3069K, committed 3200K, reserved 1048576K
}
Event: 21.831 GC heap after
{Heap after GC invocations=3 (full 0):
 garbage-first heap   total 114688K, used 33687K [0x0000000091000000, 0x0000000100000000)
  region size 1024K, 9 young (9216K), 9 survivors (9216K)
 Metaspace       used 21204K, committed 21504K, reserved 1114112K
  class space    used 3069K, committed 3200K, reserved 1048576K
}
Event: 214.067 GC heap before
{Heap before GC invocations=4 (full 0):
 garbage-first heap   total 114688K, used 90007K [0x0000000091000000, 0x0000000100000000)
  region size 1024K, 55 young (56320K), 9 survivors (9216K)
 Metaspace       used 22729K, committed 23104K, reserved 1114112K
  class space    used 3211K, committed 3392K, reserved 1048576K
}
Event: 214.080 GC heap after
{Heap after GC invocations=5 (full 0):
 garbage-first heap   total 114688K, used 42309K [0x0000000091000000, 0x0000000100000000)
  region size 1024K, 6 young (6144K), 6 survivors (6144K)
 Metaspace       used 22729K, committed 23104K, reserved 1114112K
  class space    used 3211K, committed 3392K, reserved 1048576K
}
Event: 214.216 GC heap before
{Heap before GC invocations=5 (full 0):
 garbage-first heap   total 114688K, used 43333K [0x0000000091000000, 0x0000000100000000)
  region size 1024K, 7 young (7168K), 6 survivors (6144K)
 Metaspace       used 22752K, committed 23104K, reserved 1114112K
  class space    used 3211K, committed 3392K, reserved 1048576K
}
Event: 214.228 GC heap after
{Heap after GC invocations=6 (full 0):
 garbage-first heap   total 114688K, used 42782K [0x0000000091000000, 0x0000000100000000)
  region size 1024K, 1 young (1024K), 1 survivors (1024K)
 Metaspace       used 22752K, committed 23104K, reserved 1114112K
  class space    used 3211K, committed 3392K, reserved 1048576K
}

